{"/app/src/index.ts": {"path":"/app/src/index.ts","all":true,"statementMap":{"0":{"start":{"line":1,"column":0},"end":{"line":1,"column":38}},"2":{"start":{"line":3,"column":0},"end":{"line":3,"column":20}},"5":{"start":{"line":6,"column":0},"end":{"line":6,"column":36}},"8":{"start":{"line":9,"column":0},"end":{"line":9,"column":41}}},"s":{"0":0,"2":0,"5":0,"8":0},"branchMap":{"0":{"type":"branch","line":1,"loc":{"start":{"line":1,"column":0},"end":{"line":9,"column":39}},"locations":[{"start":{"line":1,"column":0},"end":{"line":9,"column":39}}]}},"b":{"0":[0]},"fnMap":{"0":{"name":"(empty-report)","decl":{"start":{"line":1,"column":0},"end":{"line":9,"column":39}},"loc":{"start":{"line":1,"column":0},"end":{"line":9,"column":39}},"line":1}},"f":{"0":0}}
,"/app/src/controller/address_controller.ts": {"path":"/app/src/controller/address_controller.ts","all":false,"statementMap":{"1":{"start":{"line":2,"column":0},"end":{"line":2,"column":68}},"4":{"start":{"line":5,"column":0},"end":{"line":5,"column":25}},"5":{"start":{"line":6,"column":0},"end":{"line":6,"column":59}},"7":{"start":{"line":8,"column":0},"end":{"line":8,"column":66}},"9":{"start":{"line":10,"column":0},"end":{"line":10,"column":39}},"10":{"start":{"line":11,"column":0},"end":{"line":11,"column":34}},"11":{"start":{"line":12,"column":0},"end":{"line":12,"column":28}},"12":{"start":{"line":13,"column":0},"end":{"line":13,"column":76}},"13":{"start":{"line":14,"column":0},"end":{"line":14,"column":15}},"16":{"start":{"line":17,"column":0},"end":{"line":17,"column":19}},"17":{"start":{"line":18,"column":0},"end":{"line":18,"column":10}},"19":{"start":{"line":20,"column":0},"end":{"line":20,"column":34}},"20":{"start":{"line":21,"column":0},"end":{"line":21,"column":28}},"21":{"start":{"line":22,"column":0},"end":{"line":22,"column":30}},"22":{"start":{"line":23,"column":0},"end":{"line":23,"column":29}},"23":{"start":{"line":24,"column":0},"end":{"line":24,"column":14}},"25":{"start":{"line":26,"column":0},"end":{"line":26,"column":5}},"26":{"start":{"line":27,"column":0},"end":{"line":27,"column":57}},"29":{"start":{"line":30,"column":0},"end":{"line":30,"column":76}},"31":{"start":{"line":32,"column":0},"end":{"line":32,"column":39}},"32":{"start":{"line":33,"column":0},"end":{"line":33,"column":34}},"33":{"start":{"line":34,"column":0},"end":{"line":34,"column":28}},"34":{"start":{"line":35,"column":0},"end":{"line":35,"column":76}},"35":{"start":{"line":36,"column":0},"end":{"line":36,"column":15}},"38":{"start":{"line":39,"column":0},"end":{"line":39,"column":19}},"39":{"start":{"line":40,"column":0},"end":{"line":40,"column":10}},"41":{"start":{"line":42,"column":0},"end":{"line":42,"column":34}},"42":{"start":{"line":43,"column":0},"end":{"line":43,"column":28}},"43":{"start":{"line":44,"column":0},"end":{"line":44,"column":30}},"44":{"start":{"line":45,"column":0},"end":{"line":45,"column":29}},"45":{"start":{"line":46,"column":0},"end":{"line":46,"column":14}},"52":{"start":{"line":53,"column":0},"end":{"line":53,"column":5}},"53":{"start":{"line":54,"column":0},"end":{"line":54,"column":60}},"56":{"start":{"line":57,"column":0},"end":{"line":57,"column":65}},"58":{"start":{"line":59,"column":0},"end":{"line":59,"column":33}},"59":{"start":{"line":60,"column":0},"end":{"line":60,"column":25}},"60":{"start":{"line":61,"column":0},"end":{"line":61,"column":16}},"61":{"start":{"line":62,"column":0},"end":{"line":62,"column":65}},"62":{"start":{"line":63,"column":0},"end":{"line":63,"column":6}},"65":{"start":{"line":66,"column":0},"end":{"line":66,"column":10}},"66":{"start":{"line":67,"column":0},"end":{"line":67,"column":3}},"71":{"start":{"line":72,"column":0},"end":{"line":72,"column":24}},"72":{"start":{"line":73,"column":0},"end":{"line":73,"column":15}},"73":{"start":{"line":74,"column":0},"end":{"line":74,"column":30}},"74":{"start":{"line":75,"column":0},"end":{"line":75,"column":17}},"75":{"start":{"line":76,"column":0},"end":{"line":76,"column":5}},"76":{"start":{"line":77,"column":0},"end":{"line":77,"column":15}},"77":{"start":{"line":78,"column":0},"end":{"line":78,"column":3}},"78":{"start":{"line":79,"column":0},"end":{"line":79,"column":60}},"81":{"start":{"line":82,"column":0},"end":{"line":82,"column":65}},"83":{"start":{"line":84,"column":0},"end":{"line":84,"column":33}},"84":{"start":{"line":85,"column":0},"end":{"line":85,"column":25}},"85":{"start":{"line":86,"column":0},"end":{"line":86,"column":16}},"86":{"start":{"line":87,"column":0},"end":{"line":87,"column":65}},"87":{"start":{"line":88,"column":0},"end":{"line":88,"column":6}},"90":{"start":{"line":91,"column":0},"end":{"line":91,"column":10}},"91":{"start":{"line":92,"column":0},"end":{"line":92,"column":3}},"93":{"start":{"line":94,"column":0},"end":{"line":94,"column":24}},"94":{"start":{"line":95,"column":0},"end":{"line":95,"column":15}},"95":{"start":{"line":96,"column":0},"end":{"line":96,"column":30}},"96":{"start":{"line":97,"column":0},"end":{"line":97,"column":17}},"97":{"start":{"line":98,"column":0},"end":{"line":98,"column":5}},"98":{"start":{"line":99,"column":0},"end":{"line":99,"column":15}},"99":{"start":{"line":100,"column":0},"end":{"line":100,"column":3}},"100":{"start":{"line":101,"column":0},"end":{"line":101,"column":60}},"103":{"start":{"line":104,"column":0},"end":{"line":104,"column":65}},"105":{"start":{"line":106,"column":0},"end":{"line":106,"column":33}},"106":{"start":{"line":107,"column":0},"end":{"line":107,"column":25}},"107":{"start":{"line":108,"column":0},"end":{"line":108,"column":16}},"108":{"start":{"line":109,"column":0},"end":{"line":109,"column":65}},"109":{"start":{"line":110,"column":0},"end":{"line":110,"column":6}},"112":{"start":{"line":113,"column":0},"end":{"line":113,"column":10}},"113":{"start":{"line":114,"column":0},"end":{"line":114,"column":3}},"115":{"start":{"line":116,"column":0},"end":{"line":116,"column":24}},"116":{"start":{"line":117,"column":0},"end":{"line":117,"column":15}},"117":{"start":{"line":118,"column":0},"end":{"line":118,"column":30}},"118":{"start":{"line":119,"column":0},"end":{"line":119,"column":17}},"119":{"start":{"line":120,"column":0},"end":{"line":120,"column":5}},"120":{"start":{"line":121,"column":0},"end":{"line":121,"column":15}},"121":{"start":{"line":122,"column":0},"end":{"line":122,"column":3}},"122":{"start":{"line":123,"column":0},"end":{"line":123,"column":1}},"123":{"start":{"line":124,"column":0},"end":{"line":124,"column":33}}},"s":{"1":1,"4":1,"5":1,"7":0,"9":0,"10":0,"11":0,"12":0,"13":0,"16":0,"17":0,"19":0,"20":0,"21":0,"22":0,"23":0,"25":0,"26":5,"29":0,"31":0,"32":0,"33":0,"34":0,"35":0,"38":0,"39":0,"41":0,"42":0,"43":0,"44":0,"45":0,"52":0,"53":5,"56":0,"58":0,"59":0,"60":0,"61":0,"62":0,"65":0,"66":0,"71":0,"72":0,"73":0,"74":0,"75":0,"76":0,"77":0,"78":5,"81":0,"83":0,"84":0,"85":0,"86":0,"87":0,"90":0,"91":0,"93":0,"94":0,"95":0,"96":0,"97":0,"98":0,"99":0,"100":5,"103":0,"105":0,"106":0,"107":0,"108":0,"109":0,"112":0,"113":0,"115":0,"116":0,"117":0,"118":0,"119":0,"120":0,"121":0,"122":1,"123":1},"branchMap":{"0":{"type":"branch","line":6,"loc":{"start":{"line":6,"column":11},"end":{"line":122,"column":3}},"locations":[{"start":{"line":6,"column":11},"end":{"line":122,"column":3}}]}},"b":{"0":[5]},"fnMap":{"0":{"name":"<instance_members_initializer>","decl":{"start":{"line":6,"column":11},"end":{"line":122,"column":3}},"loc":{"start":{"line":6,"column":11},"end":{"line":122,"column":3}},"line":6},"1":{"name":"index","decl":{"start":{"line":6,"column":19},"end":{"line":26,"column":5}},"loc":{"start":{"line":6,"column":19},"end":{"line":26,"column":5}},"line":6},"2":{"name":"one","decl":{"start":{"line":27,"column":17},"end":{"line":53,"column":5}},"loc":{"start":{"line":27,"column":17},"end":{"line":53,"column":5}},"line":27},"3":{"name":"insert","decl":{"start":{"line":54,"column":20},"end":{"line":78,"column":3}},"loc":{"start":{"line":54,"column":20},"end":{"line":78,"column":3}},"line":54},"4":{"name":"update","decl":{"start":{"line":79,"column":20},"end":{"line":100,"column":3}},"loc":{"start":{"line":79,"column":20},"end":{"line":100,"column":3}},"line":79},"5":{"name":"delete","decl":{"start":{"line":101,"column":20},"end":{"line":122,"column":3}},"loc":{"start":{"line":101,"column":20},"end":{"line":122,"column":3}},"line":101}},"f":{"0":5,"1":0,"2":0,"3":0,"4":0,"5":0}}
,"/app/src/controller/brand_controller.ts": {"path":"/app/src/controller/brand_controller.ts","all":false,"statementMap":{"1":{"start":{"line":2,"column":0},"end":{"line":2,"column":64}},"4":{"start":{"line":5,"column":0},"end":{"line":5,"column":23}},"5":{"start":{"line":6,"column":0},"end":{"line":6,"column":59}},"7":{"start":{"line":8,"column":0},"end":{"line":8,"column":64}},"9":{"start":{"line":10,"column":0},"end":{"line":10,"column":39}},"10":{"start":{"line":11,"column":0},"end":{"line":11,"column":34}},"11":{"start":{"line":12,"column":0},"end":{"line":12,"column":28}},"12":{"start":{"line":13,"column":0},"end":{"line":13,"column":76}},"13":{"start":{"line":14,"column":0},"end":{"line":14,"column":15}},"16":{"start":{"line":17,"column":0},"end":{"line":17,"column":19}},"17":{"start":{"line":18,"column":0},"end":{"line":18,"column":10}},"21":{"start":{"line":22,"column":0},"end":{"line":22,"column":34}},"22":{"start":{"line":23,"column":0},"end":{"line":23,"column":28}},"23":{"start":{"line":24,"column":0},"end":{"line":24,"column":30}},"24":{"start":{"line":25,"column":0},"end":{"line":25,"column":29}},"25":{"start":{"line":26,"column":0},"end":{"line":26,"column":14}},"27":{"start":{"line":28,"column":0},"end":{"line":28,"column":5}},"28":{"start":{"line":29,"column":0},"end":{"line":29,"column":57}},"31":{"start":{"line":32,"column":0},"end":{"line":32,"column":74}},"33":{"start":{"line":34,"column":0},"end":{"line":34,"column":39}},"34":{"start":{"line":35,"column":0},"end":{"line":35,"column":34}},"35":{"start":{"line":36,"column":0},"end":{"line":36,"column":28}},"36":{"start":{"line":37,"column":0},"end":{"line":37,"column":76}},"37":{"start":{"line":38,"column":0},"end":{"line":38,"column":15}},"40":{"start":{"line":41,"column":0},"end":{"line":41,"column":19}},"41":{"start":{"line":42,"column":0},"end":{"line":42,"column":10}},"45":{"start":{"line":46,"column":0},"end":{"line":46,"column":34}},"46":{"start":{"line":47,"column":0},"end":{"line":47,"column":28}},"47":{"start":{"line":48,"column":0},"end":{"line":48,"column":30}},"48":{"start":{"line":49,"column":0},"end":{"line":49,"column":29}},"49":{"start":{"line":50,"column":0},"end":{"line":50,"column":14}},"51":{"start":{"line":52,"column":0},"end":{"line":52,"column":5}},"52":{"start":{"line":53,"column":0},"end":{"line":53,"column":60}},"55":{"start":{"line":56,"column":0},"end":{"line":56,"column":63}},"57":{"start":{"line":58,"column":0},"end":{"line":58,"column":33}},"58":{"start":{"line":59,"column":0},"end":{"line":59,"column":25}},"59":{"start":{"line":60,"column":0},"end":{"line":60,"column":16}},"60":{"start":{"line":61,"column":0},"end":{"line":61,"column":65}},"61":{"start":{"line":62,"column":0},"end":{"line":62,"column":6}},"64":{"start":{"line":65,"column":0},"end":{"line":65,"column":10}},"65":{"start":{"line":66,"column":0},"end":{"line":66,"column":3}},"67":{"start":{"line":68,"column":0},"end":{"line":68,"column":24}},"68":{"start":{"line":69,"column":0},"end":{"line":69,"column":15}},"69":{"start":{"line":70,"column":0},"end":{"line":70,"column":28}},"70":{"start":{"line":71,"column":0},"end":{"line":71,"column":17}},"71":{"start":{"line":72,"column":0},"end":{"line":72,"column":5}},"72":{"start":{"line":73,"column":0},"end":{"line":73,"column":15}},"73":{"start":{"line":74,"column":0},"end":{"line":74,"column":3}},"74":{"start":{"line":75,"column":0},"end":{"line":75,"column":60}},"77":{"start":{"line":78,"column":0},"end":{"line":78,"column":63}},"79":{"start":{"line":80,"column":0},"end":{"line":80,"column":33}},"80":{"start":{"line":81,"column":0},"end":{"line":81,"column":25}},"81":{"start":{"line":82,"column":0},"end":{"line":82,"column":16}},"82":{"start":{"line":83,"column":0},"end":{"line":83,"column":65}},"83":{"start":{"line":84,"column":0},"end":{"line":84,"column":6}},"86":{"start":{"line":87,"column":0},"end":{"line":87,"column":10}},"87":{"start":{"line":88,"column":0},"end":{"line":88,"column":3}},"89":{"start":{"line":90,"column":0},"end":{"line":90,"column":24}},"90":{"start":{"line":91,"column":0},"end":{"line":91,"column":15}},"91":{"start":{"line":92,"column":0},"end":{"line":92,"column":28}},"92":{"start":{"line":93,"column":0},"end":{"line":93,"column":17}},"93":{"start":{"line":94,"column":0},"end":{"line":94,"column":5}},"94":{"start":{"line":95,"column":0},"end":{"line":95,"column":15}},"95":{"start":{"line":96,"column":0},"end":{"line":96,"column":3}},"96":{"start":{"line":97,"column":0},"end":{"line":97,"column":60}},"99":{"start":{"line":100,"column":0},"end":{"line":100,"column":63}},"101":{"start":{"line":102,"column":0},"end":{"line":102,"column":33}},"102":{"start":{"line":103,"column":0},"end":{"line":103,"column":25}},"103":{"start":{"line":104,"column":0},"end":{"line":104,"column":16}},"104":{"start":{"line":105,"column":0},"end":{"line":105,"column":65}},"105":{"start":{"line":106,"column":0},"end":{"line":106,"column":6}},"108":{"start":{"line":109,"column":0},"end":{"line":109,"column":10}},"109":{"start":{"line":110,"column":0},"end":{"line":110,"column":3}},"111":{"start":{"line":112,"column":0},"end":{"line":112,"column":24}},"112":{"start":{"line":113,"column":0},"end":{"line":113,"column":15}},"113":{"start":{"line":114,"column":0},"end":{"line":114,"column":28}},"114":{"start":{"line":115,"column":0},"end":{"line":115,"column":17}},"115":{"start":{"line":116,"column":0},"end":{"line":116,"column":5}},"116":{"start":{"line":117,"column":0},"end":{"line":117,"column":15}},"117":{"start":{"line":118,"column":0},"end":{"line":118,"column":3}},"119":{"start":{"line":120,"column":0},"end":{"line":120,"column":1}},"120":{"start":{"line":121,"column":0},"end":{"line":121,"column":31}}},"s":{"1":1,"4":1,"5":1,"7":0,"9":0,"10":0,"11":0,"12":0,"13":0,"16":0,"17":0,"21":0,"22":0,"23":0,"24":0,"25":0,"27":0,"28":5,"31":0,"33":0,"34":0,"35":0,"36":0,"37":0,"40":0,"41":0,"45":0,"46":0,"47":0,"48":0,"49":0,"51":0,"52":5,"55":0,"57":0,"58":0,"59":0,"60":0,"61":0,"64":0,"65":0,"67":0,"68":0,"69":0,"70":0,"71":0,"72":0,"73":0,"74":5,"77":0,"79":0,"80":0,"81":0,"82":0,"83":0,"86":0,"87":0,"89":0,"90":0,"91":0,"92":0,"93":0,"94":0,"95":0,"96":5,"99":0,"101":0,"102":0,"103":0,"104":0,"105":0,"108":0,"109":0,"111":0,"112":0,"113":0,"114":0,"115":0,"116":0,"117":0,"119":1,"120":1},"branchMap":{"0":{"type":"branch","line":6,"loc":{"start":{"line":6,"column":11},"end":{"line":118,"column":3}},"locations":[{"start":{"line":6,"column":11},"end":{"line":118,"column":3}}]}},"b":{"0":[5]},"fnMap":{"0":{"name":"<instance_members_initializer>","decl":{"start":{"line":6,"column":11},"end":{"line":118,"column":3}},"loc":{"start":{"line":6,"column":11},"end":{"line":118,"column":3}},"line":6},"1":{"name":"index","decl":{"start":{"line":6,"column":19},"end":{"line":28,"column":5}},"loc":{"start":{"line":6,"column":19},"end":{"line":28,"column":5}},"line":6},"2":{"name":"one","decl":{"start":{"line":29,"column":17},"end":{"line":52,"column":5}},"loc":{"start":{"line":29,"column":17},"end":{"line":52,"column":5}},"line":29},"3":{"name":"insert","decl":{"start":{"line":53,"column":20},"end":{"line":74,"column":3}},"loc":{"start":{"line":53,"column":20},"end":{"line":74,"column":3}},"line":53},"4":{"name":"update","decl":{"start":{"line":75,"column":20},"end":{"line":96,"column":3}},"loc":{"start":{"line":75,"column":20},"end":{"line":96,"column":3}},"line":75},"5":{"name":"delete","decl":{"start":{"line":97,"column":20},"end":{"line":118,"column":3}},"loc":{"start":{"line":97,"column":20},"end":{"line":118,"column":3}},"line":97}},"f":{"0":5,"1":0,"2":0,"3":0,"4":0,"5":0}}
,"/app/src/controller/category_controller.ts": {"path":"/app/src/controller/category_controller.ts","all":false,"statementMap":{"1":{"start":{"line":2,"column":0},"end":{"line":2,"column":70}},"4":{"start":{"line":5,"column":0},"end":{"line":5,"column":26}},"5":{"start":{"line":6,"column":0},"end":{"line":6,"column":59}},"7":{"start":{"line":8,"column":0},"end":{"line":8,"column":67}},"9":{"start":{"line":10,"column":0},"end":{"line":10,"column":39}},"10":{"start":{"line":11,"column":0},"end":{"line":11,"column":34}},"11":{"start":{"line":12,"column":0},"end":{"line":12,"column":28}},"12":{"start":{"line":13,"column":0},"end":{"line":13,"column":76}},"13":{"start":{"line":14,"column":0},"end":{"line":14,"column":15}},"16":{"start":{"line":17,"column":0},"end":{"line":17,"column":19}},"17":{"start":{"line":18,"column":0},"end":{"line":18,"column":10}},"21":{"start":{"line":22,"column":0},"end":{"line":22,"column":34}},"22":{"start":{"line":23,"column":0},"end":{"line":23,"column":28}},"23":{"start":{"line":24,"column":0},"end":{"line":24,"column":30}},"24":{"start":{"line":25,"column":0},"end":{"line":25,"column":29}},"25":{"start":{"line":26,"column":0},"end":{"line":26,"column":14}},"27":{"start":{"line":28,"column":0},"end":{"line":28,"column":5}},"28":{"start":{"line":29,"column":0},"end":{"line":29,"column":57}},"31":{"start":{"line":32,"column":0},"end":{"line":32,"column":77}},"33":{"start":{"line":34,"column":0},"end":{"line":34,"column":39}},"34":{"start":{"line":35,"column":0},"end":{"line":35,"column":34}},"35":{"start":{"line":36,"column":0},"end":{"line":36,"column":28}},"36":{"start":{"line":37,"column":0},"end":{"line":37,"column":76}},"37":{"start":{"line":38,"column":0},"end":{"line":38,"column":15}},"40":{"start":{"line":41,"column":0},"end":{"line":41,"column":19}},"41":{"start":{"line":42,"column":0},"end":{"line":42,"column":10}},"45":{"start":{"line":46,"column":0},"end":{"line":46,"column":34}},"46":{"start":{"line":47,"column":0},"end":{"line":47,"column":28}},"47":{"start":{"line":48,"column":0},"end":{"line":48,"column":30}},"48":{"start":{"line":49,"column":0},"end":{"line":49,"column":29}},"49":{"start":{"line":50,"column":0},"end":{"line":50,"column":14}},"51":{"start":{"line":52,"column":0},"end":{"line":52,"column":5}},"52":{"start":{"line":53,"column":0},"end":{"line":53,"column":1}},"53":{"start":{"line":54,"column":0},"end":{"line":54,"column":34}}},"s":{"1":1,"4":1,"5":1,"7":0,"9":0,"10":0,"11":0,"12":0,"13":0,"16":0,"17":0,"21":0,"22":0,"23":0,"24":0,"25":0,"27":0,"28":2,"31":0,"33":0,"34":0,"35":0,"36":0,"37":0,"40":0,"41":0,"45":0,"46":0,"47":0,"48":0,"49":0,"51":0,"52":1,"53":1},"branchMap":{"0":{"type":"branch","line":6,"loc":{"start":{"line":6,"column":11},"end":{"line":52,"column":5}},"locations":[{"start":{"line":6,"column":11},"end":{"line":52,"column":5}}]}},"b":{"0":[2]},"fnMap":{"0":{"name":"<instance_members_initializer>","decl":{"start":{"line":6,"column":11},"end":{"line":52,"column":5}},"loc":{"start":{"line":6,"column":11},"end":{"line":52,"column":5}},"line":6},"1":{"name":"index","decl":{"start":{"line":6,"column":19},"end":{"line":28,"column":5}},"loc":{"start":{"line":6,"column":19},"end":{"line":28,"column":5}},"line":6},"2":{"name":"one","decl":{"start":{"line":29,"column":17},"end":{"line":52,"column":5}},"loc":{"start":{"line":29,"column":17},"end":{"line":52,"column":5}},"line":29}},"f":{"0":2,"1":0,"2":0}}
,"/app/src/controller/contact_controller.ts": {"path":"/app/src/controller/contact_controller.ts","all":false,"statementMap":{"1":{"start":{"line":2,"column":0},"end":{"line":2,"column":68}},"3":{"start":{"line":4,"column":0},"end":{"line":4,"column":25}},"5":{"start":{"line":6,"column":0},"end":{"line":6,"column":59}},"6":{"start":{"line":7,"column":0},"end":{"line":7,"column":66}},"7":{"start":{"line":8,"column":0},"end":{"line":8,"column":76}},"10":{"start":{"line":11,"column":0},"end":{"line":11,"column":6}},"11":{"start":{"line":12,"column":0},"end":{"line":12,"column":1}},"12":{"start":{"line":13,"column":0},"end":{"line":13,"column":32}}},"s":{"1":1,"3":1,"5":1,"6":0,"7":0,"10":0,"11":1,"12":1},"branchMap":{"0":{"type":"branch","line":6,"loc":{"start":{"line":6,"column":11},"end":{"line":11,"column":6}},"locations":[{"start":{"line":6,"column":11},"end":{"line":11,"column":6}}]}},"b":{"0":[1]},"fnMap":{"0":{"name":"<instance_members_initializer>","decl":{"start":{"line":6,"column":11},"end":{"line":11,"column":6}},"loc":{"start":{"line":6,"column":11},"end":{"line":11,"column":6}},"line":6},"1":{"name":"index","decl":{"start":{"line":6,"column":19},"end":{"line":11,"column":6}},"loc":{"start":{"line":6,"column":19},"end":{"line":11,"column":6}},"line":6}},"f":{"0":1,"1":0}}
,"/app/src/controller/homepage_controller.ts": {"path":"/app/src/controller/homepage_controller.ts","all":false,"statementMap":{"1":{"start":{"line":2,"column":0},"end":{"line":2,"column":62}},"2":{"start":{"line":3,"column":0},"end":{"line":3,"column":25}},"3":{"start":{"line":4,"column":0},"end":{"line":4,"column":59}},"5":{"start":{"line":6,"column":0},"end":{"line":6,"column":63}},"6":{"start":{"line":7,"column":0},"end":{"line":7,"column":29}},"10":{"start":{"line":11,"column":0},"end":{"line":11,"column":30}},"11":{"start":{"line":12,"column":0},"end":{"line":12,"column":24}},"12":{"start":{"line":13,"column":0},"end":{"line":13,"column":39}},"13":{"start":{"line":14,"column":0},"end":{"line":14,"column":14}},"14":{"start":{"line":15,"column":0},"end":{"line":15,"column":10}},"15":{"start":{"line":16,"column":0},"end":{"line":16,"column":1}},"17":{"start":{"line":18,"column":0},"end":{"line":18,"column":34}}},"s":{"1":1,"2":1,"3":1,"5":0,"6":0,"10":0,"11":0,"12":0,"13":0,"14":0,"15":1,"17":1},"branchMap":{"0":{"type":"branch","line":4,"loc":{"start":{"line":4,"column":11},"end":{"line":15,"column":10}},"locations":[{"start":{"line":4,"column":11},"end":{"line":15,"column":10}}]}},"b":{"0":[1]},"fnMap":{"0":{"name":"<instance_members_initializer>","decl":{"start":{"line":4,"column":11},"end":{"line":15,"column":10}},"loc":{"start":{"line":4,"column":11},"end":{"line":15,"column":10}},"line":4},"1":{"name":"index","decl":{"start":{"line":4,"column":19},"end":{"line":15,"column":10}},"loc":{"start":{"line":4,"column":19},"end":{"line":15,"column":10}},"line":4}},"f":{"0":1,"1":0}}
,"/app/src/controller/not_found_controller.ts": {"path":"/app/src/controller/not_found_controller.ts","all":false,"statementMap":{"1":{"start":{"line":2,"column":0},"end":{"line":2,"column":25}},"2":{"start":{"line":3,"column":0},"end":{"line":3,"column":53}},"6":{"start":{"line":7,"column":0},"end":{"line":7,"column":30}},"7":{"start":{"line":8,"column":0},"end":{"line":8,"column":24}},"8":{"start":{"line":9,"column":0},"end":{"line":9,"column":31}},"9":{"start":{"line":10,"column":0},"end":{"line":10,"column":14}},"10":{"start":{"line":11,"column":0},"end":{"line":11,"column":10}},"11":{"start":{"line":12,"column":0},"end":{"line":12,"column":1}},"13":{"start":{"line":14,"column":0},"end":{"line":14,"column":34}}},"s":{"1":1,"2":1,"6":0,"7":0,"8":0,"9":0,"10":0,"11":1,"13":1},"branchMap":{"0":{"type":"branch","line":3,"loc":{"start":{"line":3,"column":11},"end":{"line":11,"column":10}},"locations":[{"start":{"line":3,"column":11},"end":{"line":11,"column":10}}]}},"b":{"0":[1]},"fnMap":{"0":{"name":"<instance_members_initializer>","decl":{"start":{"line":3,"column":11},"end":{"line":11,"column":10}},"loc":{"start":{"line":3,"column":11},"end":{"line":11,"column":10}},"line":3},"1":{"name":"index","decl":{"start":{"line":3,"column":19},"end":{"line":11,"column":10}},"loc":{"start":{"line":3,"column":19},"end":{"line":11,"column":10}},"line":3}},"f":{"0":1,"1":0}}
,"/app/src/controller/order_detail_router.ts": {"path":"/app/src/controller/order_detail_router.ts","all":false,"statementMap":{"1":{"start":{"line":2,"column":0},"end":{"line":2,"column":77}},"3":{"start":{"line":4,"column":0},"end":{"line":4,"column":29}},"4":{"start":{"line":5,"column":0},"end":{"line":5,"column":59}},"6":{"start":{"line":7,"column":0},"end":{"line":7,"column":70}},"8":{"start":{"line":9,"column":0},"end":{"line":9,"column":39}},"9":{"start":{"line":10,"column":0},"end":{"line":10,"column":34}},"10":{"start":{"line":11,"column":0},"end":{"line":11,"column":28}},"11":{"start":{"line":12,"column":0},"end":{"line":12,"column":76}},"12":{"start":{"line":13,"column":0},"end":{"line":13,"column":15}},"15":{"start":{"line":16,"column":0},"end":{"line":16,"column":19}},"16":{"start":{"line":17,"column":0},"end":{"line":17,"column":10}},"20":{"start":{"line":21,"column":0},"end":{"line":21,"column":34}},"21":{"start":{"line":22,"column":0},"end":{"line":22,"column":28}},"22":{"start":{"line":23,"column":0},"end":{"line":23,"column":30}},"23":{"start":{"line":24,"column":0},"end":{"line":24,"column":29}},"24":{"start":{"line":25,"column":0},"end":{"line":25,"column":14}},"26":{"start":{"line":27,"column":0},"end":{"line":27,"column":5}},"27":{"start":{"line":28,"column":0},"end":{"line":28,"column":57}},"30":{"start":{"line":31,"column":0},"end":{"line":31,"column":80}},"32":{"start":{"line":33,"column":0},"end":{"line":33,"column":39}},"33":{"start":{"line":34,"column":0},"end":{"line":34,"column":34}},"34":{"start":{"line":35,"column":0},"end":{"line":35,"column":28}},"35":{"start":{"line":36,"column":0},"end":{"line":36,"column":76}},"36":{"start":{"line":37,"column":0},"end":{"line":37,"column":15}},"39":{"start":{"line":40,"column":0},"end":{"line":40,"column":19}},"40":{"start":{"line":41,"column":0},"end":{"line":41,"column":10}},"44":{"start":{"line":45,"column":0},"end":{"line":45,"column":34}},"45":{"start":{"line":46,"column":0},"end":{"line":46,"column":28}},"46":{"start":{"line":47,"column":0},"end":{"line":47,"column":30}},"47":{"start":{"line":48,"column":0},"end":{"line":48,"column":29}},"48":{"start":{"line":49,"column":0},"end":{"line":49,"column":14}},"50":{"start":{"line":51,"column":0},"end":{"line":51,"column":5}},"51":{"start":{"line":52,"column":0},"end":{"line":52,"column":1}},"52":{"start":{"line":53,"column":0},"end":{"line":53,"column":37}}},"s":{"1":1,"3":1,"4":1,"6":0,"8":0,"9":0,"10":0,"11":0,"12":0,"15":0,"16":0,"20":0,"21":0,"22":0,"23":0,"24":0,"26":0,"27":2,"30":0,"32":0,"33":0,"34":0,"35":0,"36":0,"39":0,"40":0,"44":0,"45":0,"46":0,"47":0,"48":0,"50":0,"51":1,"52":1},"branchMap":{"0":{"type":"branch","line":5,"loc":{"start":{"line":5,"column":11},"end":{"line":51,"column":5}},"locations":[{"start":{"line":5,"column":11},"end":{"line":51,"column":5}}]}},"b":{"0":[2]},"fnMap":{"0":{"name":"<instance_members_initializer>","decl":{"start":{"line":5,"column":11},"end":{"line":51,"column":5}},"loc":{"start":{"line":5,"column":11},"end":{"line":51,"column":5}},"line":5},"1":{"name":"index","decl":{"start":{"line":5,"column":19},"end":{"line":27,"column":5}},"loc":{"start":{"line":5,"column":19},"end":{"line":27,"column":5}},"line":5},"2":{"name":"one","decl":{"start":{"line":28,"column":17},"end":{"line":51,"column":5}},"loc":{"start":{"line":28,"column":17},"end":{"line":51,"column":5}},"line":28}},"f":{"0":2,"1":0,"2":0}}
,"/app/src/controller/orders_controller.ts": {"path":"/app/src/controller/orders_controller.ts","all":false,"statementMap":{"1":{"start":{"line":2,"column":0},"end":{"line":2,"column":66}},"4":{"start":{"line":5,"column":0},"end":{"line":5,"column":24}},"5":{"start":{"line":6,"column":0},"end":{"line":6,"column":59}},"7":{"start":{"line":8,"column":0},"end":{"line":8,"column":65}},"9":{"start":{"line":10,"column":0},"end":{"line":10,"column":39}},"10":{"start":{"line":11,"column":0},"end":{"line":11,"column":34}},"11":{"start":{"line":12,"column":0},"end":{"line":12,"column":28}},"12":{"start":{"line":13,"column":0},"end":{"line":13,"column":76}},"13":{"start":{"line":14,"column":0},"end":{"line":14,"column":15}},"15":{"start":{"line":16,"column":0},"end":{"line":16,"column":19}},"16":{"start":{"line":17,"column":0},"end":{"line":17,"column":10}},"20":{"start":{"line":21,"column":0},"end":{"line":21,"column":30}},"21":{"start":{"line":22,"column":0},"end":{"line":22,"column":24}},"22":{"start":{"line":23,"column":0},"end":{"line":23,"column":26}},"23":{"start":{"line":24,"column":0},"end":{"line":24,"column":25}},"24":{"start":{"line":25,"column":0},"end":{"line":25,"column":10}},"26":{"start":{"line":27,"column":0},"end":{"line":27,"column":5}},"27":{"start":{"line":28,"column":0},"end":{"line":28,"column":57}},"29":{"start":{"line":30,"column":0},"end":{"line":30,"column":75}},"31":{"start":{"line":32,"column":0},"end":{"line":32,"column":39}},"32":{"start":{"line":33,"column":0},"end":{"line":33,"column":34}},"33":{"start":{"line":34,"column":0},"end":{"line":34,"column":28}},"34":{"start":{"line":35,"column":0},"end":{"line":35,"column":76}},"35":{"start":{"line":36,"column":0},"end":{"line":36,"column":15}},"37":{"start":{"line":38,"column":0},"end":{"line":38,"column":19}},"38":{"start":{"line":39,"column":0},"end":{"line":39,"column":10}},"42":{"start":{"line":43,"column":0},"end":{"line":43,"column":30}},"43":{"start":{"line":44,"column":0},"end":{"line":44,"column":24}},"44":{"start":{"line":45,"column":0},"end":{"line":45,"column":26}},"45":{"start":{"line":46,"column":0},"end":{"line":46,"column":25}},"46":{"start":{"line":47,"column":0},"end":{"line":47,"column":10}},"48":{"start":{"line":49,"column":0},"end":{"line":49,"column":5}},"49":{"start":{"line":50,"column":0},"end":{"line":50,"column":1}},"50":{"start":{"line":51,"column":0},"end":{"line":51,"column":32}}},"s":{"1":1,"4":1,"5":1,"7":0,"9":0,"10":0,"11":0,"12":0,"13":0,"15":0,"16":0,"20":0,"21":0,"22":0,"23":0,"24":0,"26":0,"27":2,"29":0,"31":0,"32":0,"33":0,"34":0,"35":0,"37":0,"38":0,"42":0,"43":0,"44":0,"45":0,"46":0,"48":0,"49":1,"50":1},"branchMap":{"0":{"type":"branch","line":6,"loc":{"start":{"line":6,"column":11},"end":{"line":49,"column":5}},"locations":[{"start":{"line":6,"column":11},"end":{"line":49,"column":5}}]}},"b":{"0":[2]},"fnMap":{"0":{"name":"<instance_members_initializer>","decl":{"start":{"line":6,"column":11},"end":{"line":49,"column":5}},"loc":{"start":{"line":6,"column":11},"end":{"line":49,"column":5}},"line":6},"1":{"name":"index","decl":{"start":{"line":6,"column":19},"end":{"line":27,"column":5}},"loc":{"start":{"line":6,"column":19},"end":{"line":27,"column":5}},"line":6},"2":{"name":"one","decl":{"start":{"line":28,"column":17},"end":{"line":49,"column":5}},"loc":{"start":{"line":28,"column":17},"end":{"line":49,"column":5}},"line":28}},"f":{"0":2,"1":0,"2":0}}
,"/app/src/controller/product_controller.ts": {"path":"/app/src/controller/product_controller.ts","all":false,"statementMap":{"2":{"start":{"line":3,"column":0},"end":{"line":3,"column":93}},"3":{"start":{"line":4,"column":0},"end":{"line":4,"column":56}},"5":{"start":{"line":6,"column":0},"end":{"line":6,"column":60}},"7":{"start":{"line":8,"column":0},"end":{"line":8,"column":33}},"8":{"start":{"line":9,"column":0},"end":{"line":9,"column":25}},"9":{"start":{"line":10,"column":0},"end":{"line":10,"column":16}},"10":{"start":{"line":11,"column":0},"end":{"line":11,"column":65}},"11":{"start":{"line":12,"column":0},"end":{"line":12,"column":6}},"14":{"start":{"line":15,"column":0},"end":{"line":15,"column":10}},"15":{"start":{"line":16,"column":0},"end":{"line":16,"column":3}},"17":{"start":{"line":18,"column":0},"end":{"line":18,"column":24}},"18":{"start":{"line":19,"column":0},"end":{"line":19,"column":15}},"19":{"start":{"line":20,"column":0},"end":{"line":20,"column":17}},"20":{"start":{"line":21,"column":0},"end":{"line":21,"column":17}},"21":{"start":{"line":22,"column":0},"end":{"line":22,"column":5}},"22":{"start":{"line":23,"column":0},"end":{"line":23,"column":15}},"23":{"start":{"line":24,"column":0},"end":{"line":24,"column":3}},"25":{"start":{"line":26,"column":0},"end":{"line":26,"column":54}},"28":{"start":{"line":29,"column":0},"end":{"line":29,"column":70}},"31":{"start":{"line":32,"column":0},"end":{"line":32,"column":33}},"32":{"start":{"line":33,"column":0},"end":{"line":33,"column":25}},"33":{"start":{"line":34,"column":0},"end":{"line":34,"column":16}},"34":{"start":{"line":35,"column":0},"end":{"line":35,"column":65}},"35":{"start":{"line":36,"column":0},"end":{"line":36,"column":6}},"38":{"start":{"line":39,"column":0},"end":{"line":39,"column":10}},"39":{"start":{"line":40,"column":0},"end":{"line":40,"column":3}},"41":{"start":{"line":42,"column":0},"end":{"line":42,"column":24}},"42":{"start":{"line":43,"column":0},"end":{"line":43,"column":15}},"43":{"start":{"line":44,"column":0},"end":{"line":44,"column":17}},"44":{"start":{"line":45,"column":0},"end":{"line":45,"column":17}},"45":{"start":{"line":46,"column":0},"end":{"line":46,"column":5}},"46":{"start":{"line":47,"column":0},"end":{"line":47,"column":3}},"48":{"start":{"line":49,"column":0},"end":{"line":49,"column":57}},"51":{"start":{"line":52,"column":0},"end":{"line":52,"column":65}},"53":{"start":{"line":54,"column":0},"end":{"line":54,"column":33}},"54":{"start":{"line":55,"column":0},"end":{"line":55,"column":25}},"55":{"start":{"line":56,"column":0},"end":{"line":56,"column":16}},"56":{"start":{"line":57,"column":0},"end":{"line":57,"column":65}},"57":{"start":{"line":58,"column":0},"end":{"line":58,"column":6}},"60":{"start":{"line":61,"column":0},"end":{"line":61,"column":10}},"61":{"start":{"line":62,"column":0},"end":{"line":62,"column":3}},"63":{"start":{"line":64,"column":0},"end":{"line":64,"column":24}},"64":{"start":{"line":65,"column":0},"end":{"line":65,"column":15}},"65":{"start":{"line":66,"column":0},"end":{"line":66,"column":30}},"66":{"start":{"line":67,"column":0},"end":{"line":67,"column":17}},"67":{"start":{"line":68,"column":0},"end":{"line":68,"column":5}},"68":{"start":{"line":69,"column":0},"end":{"line":69,"column":15}},"69":{"start":{"line":70,"column":0},"end":{"line":70,"column":3}},"71":{"start":{"line":72,"column":0},"end":{"line":72,"column":60}},"74":{"start":{"line":75,"column":0},"end":{"line":75,"column":65}},"76":{"start":{"line":77,"column":0},"end":{"line":77,"column":33}},"77":{"start":{"line":78,"column":0},"end":{"line":78,"column":25}},"78":{"start":{"line":79,"column":0},"end":{"line":79,"column":16}},"79":{"start":{"line":80,"column":0},"end":{"line":80,"column":65}},"80":{"start":{"line":81,"column":0},"end":{"line":81,"column":6}},"83":{"start":{"line":84,"column":0},"end":{"line":84,"column":10}},"84":{"start":{"line":85,"column":0},"end":{"line":85,"column":3}},"86":{"start":{"line":87,"column":0},"end":{"line":87,"column":24}},"87":{"start":{"line":88,"column":0},"end":{"line":88,"column":15}},"88":{"start":{"line":89,"column":0},"end":{"line":89,"column":30}},"89":{"start":{"line":90,"column":0},"end":{"line":90,"column":17}},"90":{"start":{"line":91,"column":0},"end":{"line":91,"column":5}},"91":{"start":{"line":92,"column":0},"end":{"line":92,"column":15}},"92":{"start":{"line":93,"column":0},"end":{"line":93,"column":3}},"94":{"start":{"line":95,"column":0},"end":{"line":95,"column":60}},"97":{"start":{"line":98,"column":0},"end":{"line":98,"column":65}},"99":{"start":{"line":100,"column":0},"end":{"line":100,"column":33}},"100":{"start":{"line":101,"column":0},"end":{"line":101,"column":25}},"101":{"start":{"line":102,"column":0},"end":{"line":102,"column":16}},"102":{"start":{"line":103,"column":0},"end":{"line":103,"column":65}},"103":{"start":{"line":104,"column":0},"end":{"line":104,"column":6}},"106":{"start":{"line":107,"column":0},"end":{"line":107,"column":10}},"107":{"start":{"line":108,"column":0},"end":{"line":108,"column":3}},"109":{"start":{"line":110,"column":0},"end":{"line":110,"column":24}},"110":{"start":{"line":111,"column":0},"end":{"line":111,"column":15}},"111":{"start":{"line":112,"column":0},"end":{"line":112,"column":30}},"112":{"start":{"line":113,"column":0},"end":{"line":113,"column":17}},"113":{"start":{"line":114,"column":0},"end":{"line":114,"column":5}},"114":{"start":{"line":115,"column":0},"end":{"line":115,"column":15}},"115":{"start":{"line":116,"column":0},"end":{"line":116,"column":3}},"116":{"start":{"line":117,"column":0},"end":{"line":117,"column":1}},"117":{"start":{"line":118,"column":0},"end":{"line":118,"column":33}}},"s":{"2":1,"3":1,"5":1,"7":1,"8":0,"9":0,"10":0,"11":0,"14":0,"15":0,"17":1,"18":1,"19":1,"20":1,"21":1,"22":1,"23":1,"25":5,"28":0,"31":0,"32":0,"33":0,"34":0,"35":0,"38":0,"39":0,"41":0,"42":0,"43":0,"44":0,"45":0,"46":0,"48":5,"51":0,"53":0,"54":0,"55":0,"56":0,"57":0,"60":0,"61":0,"63":0,"64":0,"65":0,"66":0,"67":0,"68":0,"69":0,"71":5,"74":0,"76":0,"77":0,"78":0,"79":0,"80":0,"83":0,"84":0,"86":0,"87":0,"88":0,"89":0,"90":0,"91":0,"92":0,"94":5,"97":0,"99":0,"100":0,"101":0,"102":0,"103":0,"106":0,"107":0,"109":0,"110":0,"111":0,"112":0,"113":0,"114":0,"115":0,"116":1,"117":1},"branchMap":{"0":{"type":"branch","line":4,"loc":{"start":{"line":4,"column":8},"end":{"line":116,"column":3}},"locations":[{"start":{"line":4,"column":8},"end":{"line":116,"column":3}}]},"1":{"type":"branch","line":4,"loc":{"start":{"line":4,"column":16},"end":{"line":24,"column":3}},"locations":[{"start":{"line":4,"column":16},"end":{"line":24,"column":3}}]},"2":{"type":"branch","line":8,"loc":{"start":{"line":8,"column":32},"end":{"line":16,"column":3}},"locations":[{"start":{"line":8,"column":32},"end":{"line":16,"column":3}}]}},"b":{"0":[5],"1":[1],"2":[0]},"fnMap":{"0":{"name":"<instance_members_initializer>","decl":{"start":{"line":4,"column":8},"end":{"line":116,"column":3}},"loc":{"start":{"line":4,"column":8},"end":{"line":116,"column":3}},"line":4},"1":{"name":"index","decl":{"start":{"line":4,"column":16},"end":{"line":24,"column":3}},"loc":{"start":{"line":4,"column":16},"end":{"line":24,"column":3}},"line":4},"2":{"name":"one","decl":{"start":{"line":26,"column":14},"end":{"line":47,"column":3}},"loc":{"start":{"line":26,"column":14},"end":{"line":47,"column":3}},"line":26},"3":{"name":"insert","decl":{"start":{"line":49,"column":17},"end":{"line":70,"column":3}},"loc":{"start":{"line":49,"column":17},"end":{"line":70,"column":3}},"line":49},"4":{"name":"update","decl":{"start":{"line":72,"column":20},"end":{"line":93,"column":3}},"loc":{"start":{"line":72,"column":20},"end":{"line":93,"column":3}},"line":72},"5":{"name":"delete","decl":{"start":{"line":95,"column":20},"end":{"line":116,"column":3}},"loc":{"start":{"line":95,"column":20},"end":{"line":116,"column":3}},"line":95}},"f":{"0":5,"1":1,"2":0,"3":0,"4":0,"5":0}}
,"/app/src/controller/role_controller.ts": {"path":"/app/src/controller/role_controller.ts","all":false,"statementMap":{"1":{"start":{"line":2,"column":0},"end":{"line":2,"column":62}},"4":{"start":{"line":5,"column":0},"end":{"line":5,"column":22}},"5":{"start":{"line":6,"column":0},"end":{"line":6,"column":59}},"7":{"start":{"line":8,"column":0},"end":{"line":8,"column":63}},"9":{"start":{"line":10,"column":0},"end":{"line":10,"column":39}},"10":{"start":{"line":11,"column":0},"end":{"line":11,"column":34}},"11":{"start":{"line":12,"column":0},"end":{"line":12,"column":28}},"12":{"start":{"line":13,"column":0},"end":{"line":13,"column":76}},"13":{"start":{"line":14,"column":0},"end":{"line":14,"column":15}},"16":{"start":{"line":17,"column":0},"end":{"line":17,"column":19}},"17":{"start":{"line":18,"column":0},"end":{"line":18,"column":10}},"21":{"start":{"line":22,"column":0},"end":{"line":22,"column":34}},"22":{"start":{"line":23,"column":0},"end":{"line":23,"column":28}},"23":{"start":{"line":24,"column":0},"end":{"line":24,"column":30}},"24":{"start":{"line":25,"column":0},"end":{"line":25,"column":29}},"25":{"start":{"line":26,"column":0},"end":{"line":26,"column":14}},"27":{"start":{"line":28,"column":0},"end":{"line":28,"column":5}},"28":{"start":{"line":29,"column":0},"end":{"line":29,"column":57}},"31":{"start":{"line":32,"column":0},"end":{"line":32,"column":73}},"33":{"start":{"line":34,"column":0},"end":{"line":34,"column":39}},"34":{"start":{"line":35,"column":0},"end":{"line":35,"column":34}},"35":{"start":{"line":36,"column":0},"end":{"line":36,"column":28}},"36":{"start":{"line":37,"column":0},"end":{"line":37,"column":76}},"37":{"start":{"line":38,"column":0},"end":{"line":38,"column":15}},"40":{"start":{"line":41,"column":0},"end":{"line":41,"column":19}},"41":{"start":{"line":42,"column":0},"end":{"line":42,"column":10}},"45":{"start":{"line":46,"column":0},"end":{"line":46,"column":34}},"46":{"start":{"line":47,"column":0},"end":{"line":47,"column":28}},"47":{"start":{"line":48,"column":0},"end":{"line":48,"column":30}},"48":{"start":{"line":49,"column":0},"end":{"line":49,"column":29}},"49":{"start":{"line":50,"column":0},"end":{"line":50,"column":14}},"51":{"start":{"line":52,"column":0},"end":{"line":52,"column":5}},"52":{"start":{"line":53,"column":0},"end":{"line":53,"column":1}},"53":{"start":{"line":54,"column":0},"end":{"line":54,"column":30}}},"s":{"1":1,"4":1,"5":1,"7":0,"9":0,"10":0,"11":0,"12":0,"13":0,"16":0,"17":0,"21":0,"22":0,"23":0,"24":0,"25":0,"27":0,"28":2,"31":0,"33":0,"34":0,"35":0,"36":0,"37":0,"40":0,"41":0,"45":0,"46":0,"47":0,"48":0,"49":0,"51":0,"52":1,"53":1},"branchMap":{"0":{"type":"branch","line":6,"loc":{"start":{"line":6,"column":11},"end":{"line":52,"column":5}},"locations":[{"start":{"line":6,"column":11},"end":{"line":52,"column":5}}]}},"b":{"0":[2]},"fnMap":{"0":{"name":"<instance_members_initializer>","decl":{"start":{"line":6,"column":11},"end":{"line":52,"column":5}},"loc":{"start":{"line":6,"column":11},"end":{"line":52,"column":5}},"line":6},"1":{"name":"index","decl":{"start":{"line":6,"column":19},"end":{"line":28,"column":5}},"loc":{"start":{"line":6,"column":19},"end":{"line":28,"column":5}},"line":6},"2":{"name":"one","decl":{"start":{"line":29,"column":17},"end":{"line":52,"column":5}},"loc":{"start":{"line":29,"column":17},"end":{"line":52,"column":5}},"line":29}},"f":{"0":2,"1":0,"2":0}}
,"/app/src/controller/security_controller.ts": {"path":"/app/src/controller/security_controller.ts","all":false,"statementMap":{"1":{"start":{"line":2,"column":0},"end":{"line":2,"column":70}},"2":{"start":{"line":3,"column":0},"end":{"line":3,"column":30}},"3":{"start":{"line":4,"column":0},"end":{"line":4,"column":62}},"5":{"start":{"line":6,"column":0},"end":{"line":6,"column":44}},"6":{"start":{"line":7,"column":0},"end":{"line":7,"column":31}},"11":{"start":{"line":12,"column":0},"end":{"line":12,"column":26}},"13":{"start":{"line":14,"column":0},"end":{"line":14,"column":62}},"14":{"start":{"line":15,"column":0},"end":{"line":15,"column":30}},"16":{"start":{"line":17,"column":0},"end":{"line":17,"column":126}},"17":{"start":{"line":18,"column":0},"end":{"line":18,"column":10}},"19":{"start":{"line":20,"column":0},"end":{"line":20,"column":39}},"20":{"start":{"line":21,"column":0},"end":{"line":21,"column":34}},"21":{"start":{"line":22,"column":0},"end":{"line":22,"column":28}},"22":{"start":{"line":23,"column":0},"end":{"line":23,"column":76}},"23":{"start":{"line":24,"column":0},"end":{"line":24,"column":15}},"26":{"start":{"line":27,"column":0},"end":{"line":27,"column":19}},"27":{"start":{"line":28,"column":0},"end":{"line":28,"column":10}},"30":{"start":{"line":31,"column":0},"end":{"line":31,"column":34}},"31":{"start":{"line":32,"column":0},"end":{"line":32,"column":28}},"32":{"start":{"line":33,"column":0},"end":{"line":33,"column":40}},"33":{"start":{"line":34,"column":0},"end":{"line":34,"column":29}},"34":{"start":{"line":35,"column":0},"end":{"line":35,"column":14}},"36":{"start":{"line":37,"column":0},"end":{"line":37,"column":5}},"38":{"start":{"line":39,"column":0},"end":{"line":39,"column":59}},"44":{"start":{"line":45,"column":0},"end":{"line":45,"column":84}},"48":{"start":{"line":49,"column":0},"end":{"line":49,"column":29}},"52":{"start":{"line":53,"column":0},"end":{"line":53,"column":39}},"53":{"start":{"line":54,"column":0},"end":{"line":54,"column":34}},"54":{"start":{"line":55,"column":0},"end":{"line":55,"column":28}},"55":{"start":{"line":56,"column":0},"end":{"line":56,"column":76}},"56":{"start":{"line":57,"column":0},"end":{"line":57,"column":15}},"59":{"start":{"line":60,"column":0},"end":{"line":60,"column":19}},"60":{"start":{"line":61,"column":0},"end":{"line":61,"column":10}},"63":{"start":{"line":64,"column":0},"end":{"line":64,"column":24}},"64":{"start":{"line":65,"column":0},"end":{"line":65,"column":34}},"65":{"start":{"line":66,"column":0},"end":{"line":66,"column":28}},"66":{"start":{"line":67,"column":0},"end":{"line":67,"column":92}},"67":{"start":{"line":68,"column":0},"end":{"line":68,"column":15}},"70":{"start":{"line":71,"column":0},"end":{"line":71,"column":19}},"71":{"start":{"line":72,"column":0},"end":{"line":72,"column":10}},"73":{"start":{"line":74,"column":0},"end":{"line":74,"column":75}},"75":{"start":{"line":76,"column":0},"end":{"line":76,"column":94}},"77":{"start":{"line":78,"column":0},"end":{"line":78,"column":31}},"78":{"start":{"line":79,"column":0},"end":{"line":79,"column":34}},"79":{"start":{"line":80,"column":0},"end":{"line":80,"column":28}},"80":{"start":{"line":81,"column":0},"end":{"line":81,"column":85}},"81":{"start":{"line":82,"column":0},"end":{"line":82,"column":15}},"82":{"start":{"line":83,"column":0},"end":{"line":83,"column":18}},"83":{"start":{"line":84,"column":0},"end":{"line":84,"column":11}},"85":{"start":{"line":86,"column":0},"end":{"line":86,"column":56}},"86":{"start":{"line":87,"column":0},"end":{"line":87,"column":44}},"88":{"start":{"line":89,"column":0},"end":{"line":89,"column":45}},"89":{"start":{"line":90,"column":0},"end":{"line":90,"column":60}},"90":{"start":{"line":91,"column":0},"end":{"line":91,"column":31}},"93":{"start":{"line":94,"column":0},"end":{"line":94,"column":31}},"94":{"start":{"line":95,"column":0},"end":{"line":95,"column":24}},"95":{"start":{"line":96,"column":0},"end":{"line":96,"column":44}},"96":{"start":{"line":97,"column":0},"end":{"line":97,"column":80}},"97":{"start":{"line":98,"column":0},"end":{"line":98,"column":11}},"99":{"start":{"line":100,"column":0},"end":{"line":100,"column":1}},"101":{"start":{"line":102,"column":0},"end":{"line":102,"column":58}},"107":{"start":{"line":108,"column":0},"end":{"line":108,"column":84}},"111":{"start":{"line":112,"column":0},"end":{"line":112,"column":29}},"115":{"start":{"line":116,"column":0},"end":{"line":116,"column":39}},"116":{"start":{"line":117,"column":0},"end":{"line":117,"column":34}},"117":{"start":{"line":118,"column":0},"end":{"line":118,"column":28}},"118":{"start":{"line":119,"column":0},"end":{"line":119,"column":76}},"119":{"start":{"line":120,"column":0},"end":{"line":120,"column":15}},"122":{"start":{"line":123,"column":0},"end":{"line":123,"column":19}},"123":{"start":{"line":124,"column":0},"end":{"line":124,"column":10}},"126":{"start":{"line":127,"column":0},"end":{"line":127,"column":24}},"127":{"start":{"line":128,"column":0},"end":{"line":128,"column":34}},"128":{"start":{"line":129,"column":0},"end":{"line":129,"column":28}},"129":{"start":{"line":130,"column":0},"end":{"line":130,"column":92}},"130":{"start":{"line":131,"column":0},"end":{"line":131,"column":15}},"133":{"start":{"line":134,"column":0},"end":{"line":134,"column":19}},"134":{"start":{"line":135,"column":0},"end":{"line":135,"column":10}},"136":{"start":{"line":137,"column":0},"end":{"line":137,"column":75}},"140":{"start":{"line":141,"column":0},"end":{"line":141,"column":57}},"141":{"start":{"line":142,"column":0},"end":{"line":142,"column":54}},"142":{"start":{"line":143,"column":0},"end":{"line":143,"column":38}},"143":{"start":{"line":144,"column":0},"end":{"line":144,"column":13}},"144":{"start":{"line":145,"column":0},"end":{"line":145,"column":75}},"145":{"start":{"line":146,"column":0},"end":{"line":146,"column":43}},"146":{"start":{"line":147,"column":0},"end":{"line":147,"column":23}},"147":{"start":{"line":148,"column":0},"end":{"line":148,"column":34}},"148":{"start":{"line":149,"column":0},"end":{"line":149,"column":28}},"149":{"start":{"line":150,"column":0},"end":{"line":150,"column":83}},"150":{"start":{"line":151,"column":0},"end":{"line":151,"column":15}},"151":{"start":{"line":152,"column":0},"end":{"line":152,"column":19}},"152":{"start":{"line":153,"column":0},"end":{"line":153,"column":10}},"158":{"start":{"line":159,"column":0},"end":{"line":159,"column":95}},"160":{"start":{"line":161,"column":0},"end":{"line":161,"column":32}},"161":{"start":{"line":162,"column":0},"end":{"line":162,"column":34}},"162":{"start":{"line":163,"column":0},"end":{"line":163,"column":27}},"163":{"start":{"line":164,"column":0},"end":{"line":164,"column":82}},"164":{"start":{"line":165,"column":0},"end":{"line":165,"column":14}},"165":{"start":{"line":166,"column":0},"end":{"line":166,"column":18}},"166":{"start":{"line":167,"column":0},"end":{"line":167,"column":9}},"171":{"start":{"line":172,"column":0},"end":{"line":172,"column":70}},"172":{"start":{"line":173,"column":0},"end":{"line":173,"column":60}},"173":{"start":{"line":174,"column":0},"end":{"line":174,"column":3}},"175":{"start":{"line":176,"column":0},"end":{"line":176,"column":19}},"186":{"start":{"line":187,"column":0},"end":{"line":187,"column":31}},"187":{"start":{"line":188,"column":0},"end":{"line":188,"column":24}},"188":{"start":{"line":189,"column":0},"end":{"line":189,"column":37}},"189":{"start":{"line":190,"column":0},"end":{"line":190,"column":32}},"190":{"start":{"line":191,"column":0},"end":{"line":191,"column":11}},"192":{"start":{"line":193,"column":0},"end":{"line":193,"column":1}},"193":{"start":{"line":194,"column":0},"end":{"line":194,"column":1}},"195":{"start":{"line":196,"column":0},"end":{"line":196,"column":34}}},"s":{"1":1,"2":1,"3":1,"5":1,"6":1,"11":1,"13":1,"14":0,"16":0,"17":0,"19":0,"20":0,"21":0,"22":0,"23":0,"26":0,"27":0,"30":0,"31":0,"32":0,"33":0,"34":0,"36":0,"38":4,"44":0,"48":0,"52":0,"53":0,"54":0,"55":0,"56":0,"59":0,"60":0,"63":0,"64":0,"65":0,"66":0,"67":0,"70":0,"71":0,"73":0,"75":0,"77":0,"78":0,"79":0,"80":0,"81":0,"82":0,"83":0,"85":0,"86":0,"88":0,"89":0,"90":0,"93":0,"94":0,"95":0,"96":0,"97":0,"99":0,"101":4,"107":0,"111":0,"115":0,"116":0,"117":0,"118":0,"119":0,"122":0,"123":0,"126":0,"127":0,"128":0,"129":0,"130":0,"133":0,"134":0,"136":0,"140":0,"141":0,"142":0,"143":0,"144":0,"145":0,"146":0,"147":0,"148":0,"149":0,"150":0,"151":0,"152":0,"158":0,"160":0,"161":0,"162":0,"163":0,"164":0,"165":0,"166":0,"171":0,"172":0,"173":0,"175":0,"186":0,"187":0,"188":0,"189":0,"190":0,"192":0,"193":1,"195":1},"branchMap":{"0":{"type":"branch","line":14,"loc":{"start":{"line":14,"column":11},"end":{"line":193,"column":1}},"locations":[{"start":{"line":14,"column":11},"end":{"line":193,"column":1}}]}},"b":{"0":[4]},"fnMap":{"0":{"name":"<instance_members_initializer>","decl":{"start":{"line":14,"column":11},"end":{"line":193,"column":1}},"loc":{"start":{"line":14,"column":11},"end":{"line":193,"column":1}},"line":14},"1":{"name":"register","decl":{"start":{"line":14,"column":22},"end":{"line":37,"column":5}},"loc":{"start":{"line":14,"column":22},"end":{"line":37,"column":5}},"line":14},"2":{"name":"login","decl":{"start":{"line":39,"column":19},"end":{"line":100,"column":1}},"loc":{"start":{"line":39,"column":19},"end":{"line":100,"column":1}},"line":39},"3":{"name":"auth","decl":{"start":{"line":102,"column":18},"end":{"line":193,"column":1}},"loc":{"start":{"line":102,"column":18},"end":{"line":193,"column":1}},"line":102}},"f":{"0":4,"1":0,"2":0,"3":0}}
,"/app/src/controller/user_controller.ts": {"path":"/app/src/controller/user_controller.ts","all":false,"statementMap":{"1":{"start":{"line":2,"column":0},"end":{"line":2,"column":62}},"4":{"start":{"line":5,"column":0},"end":{"line":5,"column":22}},"5":{"start":{"line":6,"column":0},"end":{"line":6,"column":59}},"7":{"start":{"line":8,"column":0},"end":{"line":8,"column":63}},"9":{"start":{"line":10,"column":0},"end":{"line":10,"column":39}},"10":{"start":{"line":11,"column":0},"end":{"line":11,"column":34}},"11":{"start":{"line":12,"column":0},"end":{"line":12,"column":28}},"12":{"start":{"line":13,"column":0},"end":{"line":13,"column":76}},"13":{"start":{"line":14,"column":0},"end":{"line":14,"column":15}},"16":{"start":{"line":17,"column":0},"end":{"line":17,"column":19}},"17":{"start":{"line":18,"column":0},"end":{"line":18,"column":10}},"21":{"start":{"line":22,"column":0},"end":{"line":22,"column":34}},"22":{"start":{"line":23,"column":0},"end":{"line":23,"column":28}},"23":{"start":{"line":24,"column":0},"end":{"line":24,"column":30}},"24":{"start":{"line":25,"column":0},"end":{"line":25,"column":29}},"25":{"start":{"line":26,"column":0},"end":{"line":26,"column":14}},"28":{"start":{"line":29,"column":0},"end":{"line":29,"column":5}},"29":{"start":{"line":30,"column":0},"end":{"line":30,"column":57}},"32":{"start":{"line":33,"column":0},"end":{"line":33,"column":73}},"34":{"start":{"line":35,"column":0},"end":{"line":35,"column":39}},"35":{"start":{"line":36,"column":0},"end":{"line":36,"column":34}},"36":{"start":{"line":37,"column":0},"end":{"line":37,"column":28}},"37":{"start":{"line":38,"column":0},"end":{"line":38,"column":76}},"38":{"start":{"line":39,"column":0},"end":{"line":39,"column":15}},"41":{"start":{"line":42,"column":0},"end":{"line":42,"column":19}},"42":{"start":{"line":43,"column":0},"end":{"line":43,"column":10}},"46":{"start":{"line":47,"column":0},"end":{"line":47,"column":34}},"47":{"start":{"line":48,"column":0},"end":{"line":48,"column":28}},"48":{"start":{"line":49,"column":0},"end":{"line":49,"column":30}},"49":{"start":{"line":50,"column":0},"end":{"line":50,"column":29}},"50":{"start":{"line":51,"column":0},"end":{"line":51,"column":14}},"52":{"start":{"line":53,"column":0},"end":{"line":53,"column":2}},"77":{"start":{"line":78,"column":0},"end":{"line":78,"column":60}},"80":{"start":{"line":81,"column":0},"end":{"line":81,"column":62}},"82":{"start":{"line":83,"column":0},"end":{"line":83,"column":33}},"83":{"start":{"line":84,"column":0},"end":{"line":84,"column":25}},"84":{"start":{"line":85,"column":0},"end":{"line":85,"column":16}},"85":{"start":{"line":86,"column":0},"end":{"line":86,"column":65}},"86":{"start":{"line":87,"column":0},"end":{"line":87,"column":6}},"89":{"start":{"line":90,"column":0},"end":{"line":90,"column":10}},"90":{"start":{"line":91,"column":0},"end":{"line":91,"column":3}},"92":{"start":{"line":93,"column":0},"end":{"line":93,"column":24}},"93":{"start":{"line":94,"column":0},"end":{"line":94,"column":15}},"94":{"start":{"line":95,"column":0},"end":{"line":95,"column":27}},"95":{"start":{"line":96,"column":0},"end":{"line":96,"column":17}},"96":{"start":{"line":97,"column":0},"end":{"line":97,"column":5}},"97":{"start":{"line":98,"column":0},"end":{"line":98,"column":15}},"98":{"start":{"line":99,"column":0},"end":{"line":99,"column":3}},"99":{"start":{"line":100,"column":0},"end":{"line":100,"column":60}},"102":{"start":{"line":103,"column":0},"end":{"line":103,"column":62}},"104":{"start":{"line":105,"column":0},"end":{"line":105,"column":33}},"105":{"start":{"line":106,"column":0},"end":{"line":106,"column":25}},"106":{"start":{"line":107,"column":0},"end":{"line":107,"column":16}},"107":{"start":{"line":108,"column":0},"end":{"line":108,"column":65}},"108":{"start":{"line":109,"column":0},"end":{"line":109,"column":6}},"111":{"start":{"line":112,"column":0},"end":{"line":112,"column":10}},"112":{"start":{"line":113,"column":0},"end":{"line":113,"column":3}},"114":{"start":{"line":115,"column":0},"end":{"line":115,"column":24}},"115":{"start":{"line":116,"column":0},"end":{"line":116,"column":15}},"116":{"start":{"line":117,"column":0},"end":{"line":117,"column":27}},"117":{"start":{"line":118,"column":0},"end":{"line":118,"column":17}},"118":{"start":{"line":119,"column":0},"end":{"line":119,"column":5}},"119":{"start":{"line":120,"column":0},"end":{"line":120,"column":15}},"120":{"start":{"line":121,"column":0},"end":{"line":121,"column":3}},"121":{"start":{"line":122,"column":0},"end":{"line":122,"column":1}},"122":{"start":{"line":123,"column":0},"end":{"line":123,"column":30}}},"s":{"1":1,"4":1,"5":1,"7":0,"9":0,"10":0,"11":0,"12":0,"13":0,"16":0,"17":0,"21":0,"22":0,"23":0,"24":0,"25":0,"28":0,"29":4,"32":0,"34":0,"35":0,"36":0,"37":0,"38":0,"41":0,"42":0,"46":0,"47":0,"48":0,"49":0,"50":0,"52":0,"77":4,"80":0,"82":0,"83":0,"84":0,"85":0,"86":0,"89":0,"90":0,"92":0,"93":0,"94":0,"95":0,"96":0,"97":0,"98":0,"99":4,"102":0,"104":0,"105":0,"106":0,"107":0,"108":0,"111":0,"112":0,"114":0,"115":0,"116":0,"117":0,"118":0,"119":0,"120":0,"121":1,"122":1},"branchMap":{"0":{"type":"branch","line":6,"loc":{"start":{"line":6,"column":11},"end":{"line":121,"column":3}},"locations":[{"start":{"line":6,"column":11},"end":{"line":121,"column":3}}]}},"b":{"0":[4]},"fnMap":{"0":{"name":"<instance_members_initializer>","decl":{"start":{"line":6,"column":11},"end":{"line":121,"column":3}},"loc":{"start":{"line":6,"column":11},"end":{"line":121,"column":3}},"line":6},"1":{"name":"index","decl":{"start":{"line":6,"column":19},"end":{"line":29,"column":5}},"loc":{"start":{"line":6,"column":19},"end":{"line":29,"column":5}},"line":6},"2":{"name":"one","decl":{"start":{"line":30,"column":17},"end":{"line":53,"column":2}},"loc":{"start":{"line":30,"column":17},"end":{"line":53,"column":2}},"line":30},"3":{"name":"update","decl":{"start":{"line":78,"column":20},"end":{"line":99,"column":3}},"loc":{"start":{"line":78,"column":20},"end":{"line":99,"column":3}},"line":78},"4":{"name":"delete","decl":{"start":{"line":100,"column":20},"end":{"line":121,"column":3}},"loc":{"start":{"line":100,"column":20},"end":{"line":121,"column":3}},"line":100}},"f":{"0":4,"1":0,"2":0,"3":0,"4":0}}
,"/app/src/core/server.ts": {"path":"/app/src/core/server.ts","all":false,"statementMap":{"0":{"start":{"line":1,"column":0},"end":{"line":1,"column":80}},"1":{"start":{"line":2,"column":0},"end":{"line":2,"column":29}},"2":{"start":{"line":3,"column":0},"end":{"line":3,"column":58}},"3":{"start":{"line":4,"column":0},"end":{"line":4,"column":59}},"4":{"start":{"line":5,"column":0},"end":{"line":5,"column":50}},"5":{"start":{"line":6,"column":0},"end":{"line":6,"column":24}},"6":{"start":{"line":7,"column":0},"end":{"line":7,"column":56}},"7":{"start":{"line":8,"column":0},"end":{"line":8,"column":52}},"8":{"start":{"line":9,"column":0},"end":{"line":9,"column":58}},"9":{"start":{"line":10,"column":0},"end":{"line":10,"column":53}},"10":{"start":{"line":11,"column":0},"end":{"line":11,"column":65}},"11":{"start":{"line":12,"column":0},"end":{"line":12,"column":56}},"12":{"start":{"line":13,"column":0},"end":{"line":13,"column":50}},"13":{"start":{"line":14,"column":0},"end":{"line":14,"column":56}},"14":{"start":{"line":15,"column":0},"end":{"line":15,"column":58}},"15":{"start":{"line":16,"column":0},"end":{"line":16,"column":14}},"17":{"start":{"line":18,"column":0},"end":{"line":18,"column":35}},"18":{"start":{"line":19,"column":0},"end":{"line":19,"column":44}},"25":{"start":{"line":26,"column":0},"end":{"line":26,"column":17}},"26":{"start":{"line":27,"column":0},"end":{"line":27,"column":25}},"28":{"start":{"line":29,"column":0},"end":{"line":29,"column":33}},"31":{"start":{"line":32,"column":0},"end":{"line":32,"column":67}},"34":{"start":{"line":35,"column":0},"end":{"line":35,"column":30}},"37":{"start":{"line":38,"column":0},"end":{"line":38,"column":23}},"39":{"start":{"line":40,"column":0},"end":{"line":40,"column":3}},"40":{"start":{"line":41,"column":0},"end":{"line":41,"column":31}},"42":{"start":{"line":43,"column":0},"end":{"line":43,"column":59}},"43":{"start":{"line":44,"column":0},"end":{"line":44,"column":59}},"44":{"start":{"line":45,"column":0},"end":{"line":45,"column":65}},"45":{"start":{"line":46,"column":0},"end":{"line":46,"column":61}},"46":{"start":{"line":47,"column":0},"end":{"line":47,"column":67}},"47":{"start":{"line":48,"column":0},"end":{"line":48,"column":74}},"48":{"start":{"line":49,"column":0},"end":{"line":49,"column":62}},"49":{"start":{"line":50,"column":0},"end":{"line":50,"column":65}},"51":{"start":{"line":52,"column":0},"end":{"line":52,"column":59}},"52":{"start":{"line":53,"column":0},"end":{"line":53,"column":65}},"53":{"start":{"line":54,"column":0},"end":{"line":54,"column":59}},"56":{"start":{"line":57,"column":0},"end":{"line":57,"column":59}},"57":{"start":{"line":58,"column":0},"end":{"line":58,"column":4}},"59":{"start":{"line":60,"column":0},"end":{"line":60,"column":25}},"60":{"start":{"line":61,"column":0},"end":{"line":61,"column":39}},"61":{"start":{"line":62,"column":0},"end":{"line":62,"column":4}},"62":{"start":{"line":63,"column":0},"end":{"line":63,"column":1}},"64":{"start":{"line":65,"column":0},"end":{"line":65,"column":22}}},"s":{"0":1,"1":1,"2":1,"3":1,"4":1,"5":1,"6":1,"7":1,"8":1,"9":1,"10":1,"11":1,"12":1,"13":1,"14":1,"15":1,"17":1,"18":1,"25":1,"26":1,"28":1,"31":1,"34":1,"37":1,"39":1,"40":1,"42":1,"43":1,"44":1,"45":1,"46":1,"47":1,"48":1,"49":1,"51":1,"52":1,"53":1,"56":1,"57":1,"59":1,"60":1,"61":1,"62":1,"64":1},"branchMap":{"0":{"type":"branch","line":18,"loc":{"start":{"line":18,"column":10},"end":{"line":62,"column":4}},"locations":[{"start":{"line":18,"column":10},"end":{"line":62,"column":4}}]},"1":{"type":"branch","line":26,"loc":{"start":{"line":26,"column":2},"end":{"line":40,"column":3}},"locations":[{"start":{"line":26,"column":2},"end":{"line":40,"column":3}}]},"2":{"type":"branch","line":41,"loc":{"start":{"line":41,"column":24},"end":{"line":58,"column":4}},"locations":[{"start":{"line":41,"column":24},"end":{"line":58,"column":4}}]},"3":{"type":"branch","line":60,"loc":{"start":{"line":60,"column":18},"end":{"line":62,"column":4}},"locations":[{"start":{"line":60,"column":18},"end":{"line":62,"column":4}}]}},"b":{"0":[1],"1":[1],"2":[1],"3":[1]},"fnMap":{"0":{"name":"<instance_members_initializer>","decl":{"start":{"line":18,"column":10},"end":{"line":62,"column":4}},"loc":{"start":{"line":18,"column":10},"end":{"line":62,"column":4}},"line":18},"1":{"name":"Server","decl":{"start":{"line":26,"column":2},"end":{"line":40,"column":3}},"loc":{"start":{"line":26,"column":2},"end":{"line":40,"column":3}},"line":26},"2":{"name":"routersList","decl":{"start":{"line":41,"column":24},"end":{"line":58,"column":4}},"loc":{"start":{"line":41,"column":24},"end":{"line":58,"column":4}},"line":41},"3":{"name":"create","decl":{"start":{"line":60,"column":18},"end":{"line":62,"column":4}},"loc":{"start":{"line":60,"column":18},"end":{"line":62,"column":4}},"line":60}},"f":{"0":1,"1":1,"2":1,"3":1}}
,"/app/src/middleware/authorisation_middleware.ts": {"path":"/app/src/middleware/authorisation_middleware.ts","all":false,"statementMap":{"1":{"start":{"line":2,"column":0},"end":{"line":2,"column":53}},"4":{"start":{"line":5,"column":0},"end":{"line":5,"column":30}},"6":{"start":{"line":7,"column":0},"end":{"line":7,"column":15}},"7":{"start":{"line":8,"column":0},"end":{"line":8,"column":77}},"9":{"start":{"line":10,"column":0},"end":{"line":10,"column":64}},"12":{"start":{"line":13,"column":0},"end":{"line":13,"column":31}},"13":{"start":{"line":14,"column":0},"end":{"line":14,"column":8}},"14":{"start":{"line":15,"column":0},"end":{"line":15,"column":30}},"15":{"start":{"line":16,"column":0},"end":{"line":16,"column":21}},"16":{"start":{"line":17,"column":0},"end":{"line":17,"column":34}},"17":{"start":{"line":18,"column":0},"end":{"line":18,"column":19}},"18":{"start":{"line":19,"column":0},"end":{"line":19,"column":30}},"19":{"start":{"line":20,"column":0},"end":{"line":20,"column":20}},"20":{"start":{"line":21,"column":0},"end":{"line":21,"column":26}},"21":{"start":{"line":22,"column":0},"end":{"line":22,"column":17}},"22":{"start":{"line":23,"column":0},"end":{"line":23,"column":74}},"23":{"start":{"line":24,"column":0},"end":{"line":24,"column":7}},"24":{"start":{"line":25,"column":0},"end":{"line":25,"column":11}},"25":{"start":{"line":26,"column":0},"end":{"line":26,"column":4}},"27":{"start":{"line":28,"column":0},"end":{"line":28,"column":57}},"28":{"start":{"line":29,"column":0},"end":{"line":29,"column":26}},"29":{"start":{"line":30,"column":0},"end":{"line":30,"column":17}},"30":{"start":{"line":31,"column":0},"end":{"line":31,"column":77}},"31":{"start":{"line":32,"column":0},"end":{"line":32,"column":7}},"32":{"start":{"line":33,"column":0},"end":{"line":33,"column":11}},"33":{"start":{"line":34,"column":0},"end":{"line":34,"column":4}},"36":{"start":{"line":37,"column":0},"end":{"line":37,"column":10}},"37":{"start":{"line":38,"column":0},"end":{"line":38,"column":4}},"38":{"start":{"line":39,"column":0},"end":{"line":39,"column":1}},"39":{"start":{"line":40,"column":0},"end":{"line":40,"column":38}}},"s":{"1":1,"4":1,"6":1,"7":3,"9":0,"12":0,"13":0,"14":0,"15":0,"16":0,"17":0,"18":0,"19":0,"20":0,"21":0,"22":0,"23":0,"24":0,"25":0,"27":0,"28":0,"29":0,"30":0,"31":0,"32":0,"33":0,"36":0,"37":0,"38":1,"39":1},"branchMap":{"0":{"type":"branch","line":7,"loc":{"start":{"line":7,"column":8},"end":{"line":38,"column":4}},"locations":[{"start":{"line":7,"column":8},"end":{"line":38,"column":4}}]},"1":{"type":"branch","line":8,"loc":{"start":{"line":8,"column":2},"end":{"line":38,"column":4}},"locations":[{"start":{"line":8,"column":2},"end":{"line":38,"column":4}}]}},"b":{"0":[3],"1":[3]},"fnMap":{"0":{"name":"<instance_members_initializer>","decl":{"start":{"line":7,"column":8},"end":{"line":38,"column":4}},"loc":{"start":{"line":7,"column":8},"end":{"line":38,"column":4}},"line":7},"1":{"name":"check","decl":{"start":{"line":8,"column":2},"end":{"line":38,"column":4}},"loc":{"start":{"line":8,"column":2},"end":{"line":38,"column":4}},"line":8}},"f":{"0":3,"1":3}}
,"/app/src/middleware/product_file_middleware.ts": {"path":"/app/src/middleware/product_file_middleware.ts","all":false,"statementMap":{"2":{"start":{"line":3,"column":0},"end":{"line":3,"column":34}},"3":{"start":{"line":4,"column":0},"end":{"line":4,"column":68}},"7":{"start":{"line":8,"column":0},"end":{"line":8,"column":29}},"8":{"start":{"line":9,"column":0},"end":{"line":9,"column":81}},"23":{"start":{"line":24,"column":0},"end":{"line":24,"column":61}},"26":{"start":{"line":27,"column":0},"end":{"line":27,"column":93}},"29":{"start":{"line":30,"column":0},"end":{"line":30,"column":19}},"31":{"start":{"line":32,"column":0},"end":{"line":32,"column":79}},"34":{"start":{"line":35,"column":0},"end":{"line":35,"column":74}},"38":{"start":{"line":39,"column":0},"end":{"line":39,"column":48}},"41":{"start":{"line":42,"column":0},"end":{"line":42,"column":39}},"42":{"start":{"line":43,"column":0},"end":{"line":43,"column":84}},"43":{"start":{"line":44,"column":0},"end":{"line":44,"column":13}},"44":{"start":{"line":45,"column":0},"end":{"line":45,"column":9}},"45":{"start":{"line":46,"column":0},"end":{"line":46,"column":14}},"46":{"start":{"line":47,"column":0},"end":{"line":47,"column":39}},"47":{"start":{"line":48,"column":0},"end":{"line":48,"column":66}},"48":{"start":{"line":49,"column":0},"end":{"line":49,"column":13}},"52":{"start":{"line":53,"column":0},"end":{"line":53,"column":47}},"53":{"start":{"line":54,"column":0},"end":{"line":54,"column":21}},"54":{"start":{"line":55,"column":0},"end":{"line":55,"column":98}},"55":{"start":{"line":56,"column":0},"end":{"line":56,"column":31}},"56":{"start":{"line":57,"column":0},"end":{"line":57,"column":54}},"57":{"start":{"line":58,"column":0},"end":{"line":58,"column":17}},"58":{"start":{"line":59,"column":0},"end":{"line":59,"column":13}},"60":{"start":{"line":61,"column":0},"end":{"line":61,"column":9}},"64":{"start":{"line":65,"column":0},"end":{"line":65,"column":15}},"65":{"start":{"line":66,"column":0},"end":{"line":66,"column":6}},"66":{"start":{"line":67,"column":0},"end":{"line":67,"column":1}},"67":{"start":{"line":68,"column":0},"end":{"line":68,"column":37}}},"s":{"2":1,"3":1,"7":1,"8":1,"23":0,"26":0,"29":0,"31":0,"34":0,"38":0,"41":0,"42":0,"43":0,"44":0,"45":0,"46":0,"47":0,"48":0,"52":0,"53":0,"54":0,"55":0,"56":0,"57":0,"58":0,"60":0,"64":0,"65":0,"66":1,"67":1},"branchMap":{"0":{"type":"branch","line":9,"loc":{"start":{"line":9,"column":11},"end":{"line":66,"column":6}},"locations":[{"start":{"line":9,"column":11},"end":{"line":66,"column":6}}]}},"b":{"0":[3]},"fnMap":{"0":{"name":"<instance_members_initializer>","decl":{"start":{"line":9,"column":11},"end":{"line":66,"column":6}},"loc":{"start":{"line":9,"column":11},"end":{"line":66,"column":6}},"line":9},"1":{"name":"process","decl":{"start":{"line":9,"column":21},"end":{"line":66,"column":6}},"loc":{"start":{"line":9,"column":21},"end":{"line":66,"column":6}},"line":9}},"f":{"0":3,"1":0}}
,"/app/src/middleware/register_form_validator_middleware.ts": {"path":"/app/src/middleware/register_form_validator_middleware.ts","all":false,"statementMap":{"2":{"start":{"line":3,"column":0},"end":{"line":3,"column":76}},"5":{"start":{"line":6,"column":0},"end":{"line":6,"column":38}},"6":{"start":{"line":7,"column":0},"end":{"line":7,"column":82}},"8":{"start":{"line":9,"column":0},"end":{"line":9,"column":75}},"9":{"start":{"line":10,"column":0},"end":{"line":10,"column":29}},"11":{"start":{"line":12,"column":0},"end":{"line":12,"column":39}},"12":{"start":{"line":13,"column":0},"end":{"line":13,"column":34}},"13":{"start":{"line":14,"column":0},"end":{"line":14,"column":28}},"14":{"start":{"line":15,"column":0},"end":{"line":15,"column":74}},"15":{"start":{"line":16,"column":0},"end":{"line":16,"column":15}},"16":{"start":{"line":17,"column":0},"end":{"line":17,"column":19}},"17":{"start":{"line":18,"column":0},"end":{"line":18,"column":9}},"19":{"start":{"line":20,"column":0},"end":{"line":20,"column":15}},"20":{"start":{"line":21,"column":0},"end":{"line":21,"column":5}},"23":{"start":{"line":24,"column":0},"end":{"line":24,"column":1}},"24":{"start":{"line":25,"column":0},"end":{"line":25,"column":47}}},"s":{"2":1,"5":1,"6":1,"8":0,"9":0,"11":0,"12":0,"13":0,"14":0,"15":0,"16":0,"17":0,"19":0,"20":0,"23":1,"24":1},"branchMap":{"0":{"type":"branch","line":7,"loc":{"start":{"line":7,"column":11},"end":{"line":21,"column":5}},"locations":[{"start":{"line":7,"column":11},"end":{"line":21,"column":5}}]}},"b":{"0":[1]},"fnMap":{"0":{"name":"<instance_members_initializer>","decl":{"start":{"line":7,"column":11},"end":{"line":21,"column":5}},"loc":{"start":{"line":7,"column":11},"end":{"line":21,"column":5}},"line":7},"1":{"name":"validate","decl":{"start":{"line":7,"column":22},"end":{"line":21,"column":5}},"loc":{"start":{"line":7,"column":22},"end":{"line":21,"column":5}},"line":7}},"f":{"0":1,"1":0}}
,"/app/src/model/Address.ts": {"path":"/app/src/model/Address.ts","all":true,"statementMap":{},"s":{},"branchMap":{"0":{"type":"branch","line":1,"loc":{"start":{"line":1,"column":77},"end":{"line":5,"column":23}},"locations":[{"start":{"line":1,"column":77},"end":{"line":5,"column":23}}]}},"b":{"0":[1]},"fnMap":{"0":{"name":"(empty-report)","decl":{"start":{"line":1,"column":77},"end":{"line":5,"column":23}},"loc":{"start":{"line":1,"column":77},"end":{"line":5,"column":23}},"line":1}},"f":{"0":1}}
,"/app/src/model/Brand.ts": {"path":"/app/src/model/Brand.ts","all":true,"statementMap":{},"s":{},"branchMap":{"0":{"type":"branch","line":1,"loc":{"start":{"line":1,"column":73},"end":{"line":5,"column":21}},"locations":[{"start":{"line":1,"column":73},"end":{"line":5,"column":21}}]}},"b":{"0":[1]},"fnMap":{"0":{"name":"(empty-report)","decl":{"start":{"line":1,"column":73},"end":{"line":5,"column":21}},"loc":{"start":{"line":1,"column":73},"end":{"line":5,"column":21}},"line":1}},"f":{"0":1}}
,"/app/src/model/Category.ts": {"path":"/app/src/model/Category.ts","all":true,"statementMap":{},"s":{},"branchMap":{"0":{"type":"branch","line":1,"loc":{"start":{"line":1,"column":79},"end":{"line":5,"column":24}},"locations":[{"start":{"line":1,"column":79},"end":{"line":5,"column":24}}]}},"b":{"0":[1]},"fnMap":{"0":{"name":"(empty-report)","decl":{"start":{"line":1,"column":79},"end":{"line":5,"column":24}},"loc":{"start":{"line":1,"column":79},"end":{"line":5,"column":24}},"line":1}},"f":{"0":1}}
,"/app/src/model/Contact.ts": {"path":"/app/src/model/Contact.ts","all":true,"statementMap":{},"s":{},"branchMap":{"0":{"type":"branch","line":1,"loc":{"start":{"line":1,"column":122},"end":{"line":8,"column":23}},"locations":[{"start":{"line":1,"column":122},"end":{"line":8,"column":23}}]}},"b":{"0":[1]},"fnMap":{"0":{"name":"(empty-report)","decl":{"start":{"line":1,"column":122},"end":{"line":8,"column":23}},"loc":{"start":{"line":1,"column":122},"end":{"line":8,"column":23}},"line":1}},"f":{"0":1}}
,"/app/src/model/Order_detail.ts": {"path":"/app/src/model/Order_detail.ts","all":true,"statementMap":{},"s":{},"branchMap":{"0":{"type":"branch","line":1,"loc":{"start":{"line":1,"column":254},"end":{"line":11,"column":28}},"locations":[{"start":{"line":1,"column":254},"end":{"line":11,"column":28}}]}},"b":{"0":[1]},"fnMap":{"0":{"name":"(empty-report)","decl":{"start":{"line":1,"column":254},"end":{"line":11,"column":28}},"loc":{"start":{"line":1,"column":254},"end":{"line":11,"column":28}},"line":1}},"f":{"0":1}}
,"/app/src/model/Orders.ts": {"path":"/app/src/model/Orders.ts","all":true,"statementMap":{},"s":{},"branchMap":{"0":{"type":"branch","line":1,"loc":{"start":{"line":1,"column":172},"end":{"line":10,"column":22}},"locations":[{"start":{"line":1,"column":172},"end":{"line":10,"column":22}}]}},"b":{"0":[1]},"fnMap":{"0":{"name":"(empty-report)","decl":{"start":{"line":1,"column":172},"end":{"line":10,"column":22}},"loc":{"start":{"line":1,"column":172},"end":{"line":10,"column":22}},"line":1}},"f":{"0":1}}
,"/app/src/model/Product.ts": {"path":"/app/src/model/Product.ts","all":true,"statementMap":{},"s":{},"branchMap":{"0":{"type":"branch","line":1,"loc":{"start":{"line":1,"column":354},"end":{"line":18,"column":23}},"locations":[{"start":{"line":1,"column":354},"end":{"line":18,"column":23}}]}},"b":{"0":[1]},"fnMap":{"0":{"name":"(empty-report)","decl":{"start":{"line":1,"column":354},"end":{"line":18,"column":23}},"loc":{"start":{"line":1,"column":354},"end":{"line":18,"column":23}},"line":1}},"f":{"0":1}}
,"/app/src/model/Role.ts": {"path":"/app/src/model/Role.ts","all":true,"statementMap":{},"s":{},"branchMap":{"0":{"type":"branch","line":1,"loc":{"start":{"line":1,"column":119},"end":{"line":6,"column":20}},"locations":[{"start":{"line":1,"column":119},"end":{"line":6,"column":20}}]}},"b":{"0":[1]},"fnMap":{"0":{"name":"(empty-report)","decl":{"start":{"line":1,"column":119},"end":{"line":6,"column":20}},"loc":{"start":{"line":1,"column":119},"end":{"line":6,"column":20}},"line":1}},"f":{"0":1}}
,"/app/src/model/User.ts": {"path":"/app/src/model/User.ts","all":true,"statementMap":{},"s":{},"branchMap":{"0":{"type":"branch","line":1,"loc":{"start":{"line":1,"column":513},"end":{"line":23,"column":20}},"locations":[{"start":{"line":1,"column":513},"end":{"line":23,"column":20}}]}},"b":{"0":[1]},"fnMap":{"0":{"name":"(empty-report)","decl":{"start":{"line":1,"column":513},"end":{"line":23,"column":20}},"loc":{"start":{"line":1,"column":513},"end":{"line":23,"column":20}},"line":1}},"f":{"0":1}}
,"/app/src/model/User_address.ts": {"path":"/app/src/model/User_address.ts","all":true,"statementMap":{},"s":{},"branchMap":{"0":{"type":"branch","line":1,"loc":{"start":{"line":1,"column":212},"end":{"line":10,"column":28}},"locations":[{"start":{"line":1,"column":212},"end":{"line":10,"column":28}}]}},"b":{"0":[1]},"fnMap":{"0":{"name":"(empty-report)","decl":{"start":{"line":1,"column":212},"end":{"line":10,"column":28}},"loc":{"start":{"line":1,"column":212},"end":{"line":10,"column":28}},"line":1}},"f":{"0":1}}
,"/app/src/repository/address_repository.ts": {"path":"/app/src/repository/address_repository.ts","all":false,"statementMap":{"0":{"start":{"line":1,"column":0},"end":{"line":1,"column":55}},"3":{"start":{"line":4,"column":0},"end":{"line":4,"column":25}},"4":{"start":{"line":5,"column":0},"end":{"line":5,"column":28}},"5":{"start":{"line":6,"column":0},"end":{"line":6,"column":64}},"6":{"start":{"line":7,"column":0},"end":{"line":7,"column":58}},"8":{"start":{"line":9,"column":0},"end":{"line":9,"column":17}},"10":{"start":{"line":11,"column":0},"end":{"line":11,"column":31}},"12":{"start":{"line":13,"column":0},"end":{"line":13,"column":62}},"14":{"start":{"line":15,"column":0},"end":{"line":15,"column":9}},"15":{"start":{"line":16,"column":0},"end":{"line":16,"column":54}},"17":{"start":{"line":18,"column":0},"end":{"line":18,"column":21}},"18":{"start":{"line":19,"column":0},"end":{"line":19,"column":21}},"19":{"start":{"line":20,"column":0},"end":{"line":20,"column":19}},"20":{"start":{"line":21,"column":0},"end":{"line":21,"column":5}},"21":{"start":{"line":22,"column":0},"end":{"line":22,"column":4}},"23":{"start":{"line":24,"column":0},"end":{"line":24,"column":79}},"25":{"start":{"line":26,"column":0},"end":{"line":26,"column":58}},"28":{"start":{"line":29,"column":0},"end":{"line":29,"column":17}},"30":{"start":{"line":31,"column":0},"end":{"line":31,"column":31}},"32":{"start":{"line":33,"column":0},"end":{"line":33,"column":59}},"34":{"start":{"line":35,"column":0},"end":{"line":35,"column":45}},"37":{"start":{"line":38,"column":0},"end":{"line":38,"column":9}},"38":{"start":{"line":39,"column":0},"end":{"line":39,"column":54}},"40":{"start":{"line":41,"column":0},"end":{"line":41,"column":21}},"41":{"start":{"line":42,"column":0},"end":{"line":42,"column":21}},"42":{"start":{"line":43,"column":0},"end":{"line":43,"column":19}},"43":{"start":{"line":44,"column":0},"end":{"line":44,"column":5}},"44":{"start":{"line":45,"column":0},"end":{"line":45,"column":4}},"45":{"start":{"line":46,"column":0},"end":{"line":46,"column":28}},"46":{"start":{"line":47,"column":0},"end":{"line":47,"column":26}},"47":{"start":{"line":48,"column":0},"end":{"line":48,"column":36}},"51":{"start":{"line":52,"column":0},"end":{"line":52,"column":58}},"53":{"start":{"line":54,"column":0},"end":{"line":54,"column":17}},"55":{"start":{"line":56,"column":0},"end":{"line":56,"column":27}},"57":{"start":{"line":58,"column":0},"end":{"line":58,"column":55}},"59":{"start":{"line":60,"column":0},"end":{"line":60,"column":38}},"60":{"start":{"line":61,"column":0},"end":{"line":61,"column":9}},"61":{"start":{"line":62,"column":0},"end":{"line":62,"column":60}},"63":{"start":{"line":64,"column":0},"end":{"line":64,"column":52}},"64":{"start":{"line":65,"column":0},"end":{"line":65,"column":20}},"65":{"start":{"line":66,"column":0},"end":{"line":66,"column":21}},"66":{"start":{"line":67,"column":0},"end":{"line":67,"column":19}},"67":{"start":{"line":68,"column":0},"end":{"line":68,"column":5}},"68":{"start":{"line":69,"column":0},"end":{"line":69,"column":4}},"69":{"start":{"line":70,"column":0},"end":{"line":70,"column":81}},"73":{"start":{"line":74,"column":0},"end":{"line":74,"column":58}},"78":{"start":{"line":79,"column":0},"end":{"line":79,"column":15}},"80":{"start":{"line":81,"column":0},"end":{"line":81,"column":52}},"90":{"start":{"line":91,"column":0},"end":{"line":91,"column":9}},"95":{"start":{"line":96,"column":0},"end":{"line":96,"column":42}},"98":{"start":{"line":99,"column":0},"end":{"line":99,"column":13}},"102":{"start":{"line":103,"column":0},"end":{"line":103,"column":42}},"115":{"start":{"line":116,"column":0},"end":{"line":116,"column":60}},"118":{"start":{"line":119,"column":0},"end":{"line":119,"column":26}},"122":{"start":{"line":123,"column":0},"end":{"line":123,"column":21}},"123":{"start":{"line":124,"column":0},"end":{"line":124,"column":21}},"127":{"start":{"line":128,"column":0},"end":{"line":128,"column":19}},"128":{"start":{"line":129,"column":0},"end":{"line":129,"column":5}},"129":{"start":{"line":130,"column":0},"end":{"line":130,"column":4}},"130":{"start":{"line":131,"column":0},
[...]
,"/app/src/router/order_detail_router.ts": {"path":"/app/src/router/order_detail_router.ts","all":false,"statementMap":{"0":{"start":{"line":1,"column":0},"end":{"line":1,"column":53}},"1":{"start":{"line":2,"column":0},"end":{"line":2,"column":73}},"4":{"start":{"line":5,"column":0},"end":{"line":5,"column":24}},"6":{"start":{"line":7,"column":0},"end":{"line":7,"column":38}},"8":{"start":{"line":9,"column":0},"end":{"line":9,"column":30}},"9":{"start":{"line":10,"column":0},"end":{"line":10,"column":64}},"11":{"start":{"line":12,"column":0},"end":{"line":12,"column":65}},"12":{"start":{"line":13,"column":0},"end":{"line":13,"column":27}},"13":{"start":{"line":14,"column":0},"end":{"line":14,"column":6}},"14":{"start":{"line":15,"column":0},"end":{"line":15,"column":1}},"16":{"start":{"line":17,"column":0},"end":{"line":17,"column":33}}},"s":{"0":1,"1":1,"4":1,"6":1,"8":1,"9":1,"11":1,"12":1,"13":1,"14":1,"16":1},"branchMap":{"0":{"type":"branch","line":7,"loc":{"start":{"line":7,"column":12},"end":{"line":14,"column":6}},"locations":[{"start":{"line":7,"column":12},"end":{"line":14,"column":6}}]},"1":{"type":"branch","line":9,"loc":{"start":{"line":9,"column":23},"end":{"line":14,"column":6}},"locations":[{"start":{"line":9,"column":23},"end":{"line":14,"column":6}}]}},"b":{"0":[1],"1":[1]},"fnMap":{"0":{"name":"<instance_members_initializer>","decl":{"start":{"line":7,"column":12},"end":{"line":14,"column":6}},"loc":{"start":{"line":7,"column":12},"end":{"line":14,"column":6}},"line":7},"1":{"name":"getRoutes","decl":{"start":{"line":9,"column":23},"end":{"line":14,"column":6}},"loc":{"start":{"line":9,"column":23},"end":{"line":14,"column":6}},"line":9}},"f":{"0":1,"1":1}}
,"/app/src/router/orders_router.ts": {"path":"/app/src/router/orders_router.ts","all":false,"statementMap":{"0":{"start":{"line":1,"column":0},"end":{"line":1,"column":53}},"1":{"start":{"line":2,"column":0},"end":{"line":2,"column":66}},"4":{"start":{"line":5,"column":0},"end":{"line":5,"column":19}},"6":{"start":{"line":7,"column":0},"end":{"line":7,"column":38}},"8":{"start":{"line":9,"column":0},"end":{"line":9,"column":30}},"9":{"start":{"line":10,"column":0},"end":{"line":10,"column":59}},"11":{"start":{"line":12,"column":0},"end":{"line":12,"column":60}},"12":{"start":{"line":13,"column":0},"end":{"line":13,"column":27}},"13":{"start":{"line":14,"column":0},"end":{"line":14,"column":6}},"14":{"start":{"line":15,"column":0},"end":{"line":15,"column":1}},"16":{"start":{"line":17,"column":0},"end":{"line":17,"column":28}}},"s":{"0":1,"1":1,"4":1,"6":1,"8":1,"9":1,"11":1,"12":1,"13":1,"14":1,"16":1},"branchMap":{"0":{"type":"branch","line":7,"loc":{"start":{"line":7,"column":12},"end":{"line":14,"column":6}},"locations":[{"start":{"line":7,"column":12},"end":{"line":14,"column":6}}]},"1":{"type":"branch","line":9,"loc":{"start":{"line":9,"column":23},"end":{"line":14,"column":6}},"locations":[{"start":{"line":9,"column":23},"end":{"line":14,"column":6}}]}},"b":{"0":[1],"1":[1]},"fnMap":{"0":{"name":"<instance_members_initializer>","decl":{"start":{"line":7,"column":12},"end":{"line":14,"column":6}},"loc":{"start":{"line":7,"column":12},"end":{"line":14,"column":6}},"line":7},"1":{"name":"getRoutes","decl":{"start":{"line":9,"column":23},"end":{"line":14,"column":6}},"loc":{"start":{"line":9,"column":23},"end":{"line":14,"column":6}},"line":9}},"f":{"0":1,"1":1}}
,"/app/src/router/product_router.ts": {"path":"/app/src/router/product_router.ts","all":false,"statementMap":{"0":{"start":{"line":1,"column":0},"end":{"line":1,"column":53}},"1":{"start":{"line":2,"column":0},"end":{"line":2,"column":68}},"2":{"start":{"line":3,"column":0},"end":{"line":3,"column":28}},"3":{"start":{"line":4,"column":0},"end":{"line":4,"column":77}},"4":{"start":{"line":5,"column":0},"end":{"line":5,"column":79}},"6":{"start":{"line":7,"column":0},"end":{"line":7,"column":21}},"8":{"start":{"line":9,"column":0},"end":{"line":9,"column":35}},"11":{"start":{"line":12,"column":0},"end":{"line":12,"column":68}},"14":{"start":{"line":15,"column":0},"end":{"line":15,"column":27}},"15":{"start":{"line":16,"column":0},"end":{"line":16,"column":54}},"17":{"start":{"line":18,"column":0},"end":{"line":18,"column":55}},"18":{"start":{"line":19,"column":0},"end":{"line":19,"column":19}},"19":{"start":{"line":20,"column":0},"end":{"line":20,"column":7}},"20":{"start":{"line":21,"column":0},"end":{"line":21,"column":21}},"21":{"start":{"line":22,"column":0},"end":{"line":22,"column":49}},"22":{"start":{"line":23,"column":0},"end":{"line":23,"column":39}},"23":{"start":{"line":24,"column":0},"end":{"line":24,"column":34}},"24":{"start":{"line":25,"column":0},"end":{"line":25,"column":4}},"25":{"start":{"line":26,"column":0},"end":{"line":26,"column":18}},"26":{"start":{"line":27,"column":0},"end":{"line":27,"column":7}},"27":{"start":{"line":28,"column":0},"end":{"line":28,"column":21}},"28":{"start":{"line":29,"column":0},"end":{"line":29,"column":49}},"29":{"start":{"line":30,"column":0},"end":{"line":30,"column":39}},"30":{"start":{"line":31,"column":0},"end":{"line":31,"column":34}},"31":{"start":{"line":32,"column":0},"end":{"line":32,"column":4}},"32":{"start":{"line":33,"column":0},"end":{"line":33,"column":21}},"33":{"start":{"line":34,"column":0},"end":{"line":34,"column":7}},"34":{"start":{"line":35,"column":0},"end":{"line":35,"column":49}},"35":{"start":{"line":36,"column":0},"end":{"line":36,"column":21}},"36":{"start":{"line":37,"column":0},"end":{"line":37,"column":39}},"37":{"start":{"line":38,"column":0},"end":{"line":38,"column":34}},"38":{"start":{"line":39,"column":0},"end":{"line":39,"column":4}},"39":{"start":{"line":40,"column":0},"end":{"line":40,"column":21}},"40":{"start":{"line":41,"column":0},"end":{"line":41,"column":3}},"41":{"start":{"line":42,"column":0},"end":{"line":42,"column":1}},"43":{"start":{"line":44,"column":0},"end":{"line":44,"column":29}}},"s":{"0":1,"1":1,"2":1,"3":1,"4":1,"6":1,"8":1,"11":1,"14":1,"15":1,"17":1,"18":1,"19":1,"20":1,"21":1,"22":1,"23":1,"24":1,"25":1,"26":1,"27":1,"28":1,"29":1,"30":1,"31":1,"32":1,"33":1,"34":1,"35":1,"36":1,"37":1,"38":1,"39":1,"40":1,"41":1,"43":1},"branchMap":{"0":{"type":"branch","line":9,"loc":{"start":{"line":9,"column":9},"end":{"line":41,"column":3}},"locations":[{"start":{"line":9,"column":9},"end":{"line":41,"column":3}}]},"1":{"type":"branch","line":15,"loc":{"start":{"line":15,"column":20},"end":{"line":41,"column":3}},"locations":[{"start":{"line":15,"column":20},"end":{"line":41,"column":3}}]}},"b":{"0":[1],"1":[1]},"fnMap":{"0":{"name":"<instance_members_initializer>","decl":{"start":{"line":9,"column":9},"end":{"line":41,"column":3}},"loc":{"start":{"line":9,"column":9},"end":{"line":41,"column":3}},"line":9},"1":{"name":"getRoutes","decl":{"start":{"line":15,"column":20},"end":{"line":41,"column":3}},"loc":{"start":{"line":15,"column":20},"end":{"line":41,"column":3}},"line":15}},"f":{"0":1,"1":1}}
,"/app/src/router/role_router.ts": {"path":"/app/src/router/role_router.ts","all":false,"statementMap":{"0":{"start":{"line":1,"column":0},"end":{"line":1,"column":53}},"1":{"start":{"line":2,"column":0},"end":{"line":2,"column":61}},"2":{"start":{"line":3,"column":0},"end":{"line":3,"column":17}},"4":{"start":{"line":5,"column":0},"end":{"line":5,"column":38}},"6":{"start":{"line":7,"column":0},"end":{"line":7,"column":30}},"7":{"start":{"line":8,"column":0},"end":{"line":8,"column":57}},"9":{"start":{"line":10,"column":0},"end":{"line":10,"column":58}},"10":{"start":{"line":11,"column":0},"end":{"line":11,"column":27}},"11":{"start":{"line":12,"column":0},"end":{"line":12,"column":6}},"12":{"start":{"line":13,"column":0},"end":{"line":13,"column":1}},"14":{"start":{"line":15,"column":0},"end":{"line":15,"column":26}}},"s":{"0":1,"1":1,"2":1,"4":1,"6":1,"7":1,"9":1,"10":1,"11":1,"12":1,"14":1},"branchMap":{"0":{"type":"branch","line":5,"loc":{"start":{"line":5,"column":12},"end":{"line":12,"column":6}},"locations":[{"start":{"line":5,"column":12},"end":{"line":12,"column":6}}]},"1":{"type":"branch","line":7,"loc":{"start":{"line":7,"column":23},"end":{"line":12,"column":6}},"locations":[{"start":{"line":7,"column":23},"end":{"line":12,"column":6}}]}},"b":{"0":[1],"1":[1]},"fnMap":{"0":{"name":"<instance_members_initializer>","decl":{"start":{"line":5,"column":12},"end":{"line":12,"column":6}},"loc":{"start":{"line":5,"column":12},"end":{"line":12,"column":6}},"line":5},"1":{"name":"getRoutes","decl":{"start":{"line":7,"column":23},"end":{"line":12,"column":6}},"loc":{"start":{"line":7,"column":23},"end":{"line":12,"column":6}},"line":7}},"f":{"0":1,"1":1}}
,"/app/src/router/security_router.ts": {"path":"/app/src/router/security_router.ts","all":false,"statementMap":{"0":{"start":{"line":1,"column":0},"end":{"line":1,"column":53}},"1":{"start":{"line":2,"column":0},"end":{"line":2,"column":70}},"2":{"start":{"line":3,"column":0},"end":{"line":3,"column":98}},"3":{"start":{"line":4,"column":0},"end":{"line":4,"column":21}},"5":{"start":{"line":6,"column":0},"end":{"line":6,"column":38}},"7":{"start":{"line":8,"column":0},"end":{"line":8,"column":30}},"8":{"start":{"line":9,"column":0},"end":{"line":9,"column":64}},"10":{"start":{"line":11,"column":0},"end":{"line":11,"column":120}},"11":{"start":{"line":12,"column":0},"end":{"line":12,"column":67}},"12":{"start":{"line":13,"column":0},"end":{"line":13,"column":65}},"13":{"start":{"line":14,"column":0},"end":{"line":14,"column":27}},"14":{"start":{"line":15,"column":0},"end":{"line":15,"column":6}},"16":{"start":{"line":17,"column":0},"end":{"line":17,"column":1}},"18":{"start":{"line":19,"column":0},"end":{"line":19,"column":30}}},"s":{"0":1,"1":1,"2":1,"3":1,"5":1,"7":1,"8":1,"10":1,"11":1,"12":1,"13":1,"14":1,"16":1,"18":1},"branchMap":{"0":{"type":"branch","line":6,"loc":{"start":{"line":6,"column":12},"end":{"line":15,"column":6}},"locations":[{"start":{"line":6,"column":12},"end":{"line":15,"column":6}}]},"1":{"type":"branch","line":8,"loc":{"start":{"line":8,"column":23},"end":{"line":15,"column":6}},"locations":[{"start":{"line":8,"column":23},"end":{"line":15,"column":6}}]}},"b":{"0":[1],"1":[1]},"fnMap":{"0":{"name":"<instance_members_initializer>","decl":{"start":{"line":6,"column":12},"end":{"line":15,"column":6}},"loc":{"start":{"line":6,"column":12},"end":{"line":15,"column":6}},"line":6},"1":{"name":"getRoutes","decl":{"start":{"line":8,"column":23},"end":{"line":15,"column":6}},"loc":{"start":{"line":8,"column":23},"end":{"line":15,"column":6}},"line":8}},"f":{"0":1,"1":1}}
,"/app/src/router/user_router.ts": {"path":"/app/src/router/user_router.ts","all":false,"statementMap":{"0":{"start":{"line":1,"column":0},"end":{"line":1,"column":53}},"1":{"start":{"line":2,"column":0},"end":{"line":2,"column":62}},"4":{"start":{"line":5,"column":0},"end":{"line":5,"column":17}},"6":{"start":{"line":7,"column":0},"end":{"line":7,"column":38}},"8":{"start":{"line":9,"column":0},"end":{"line":9,"column":30}},"9":{"start":{"line":10,"column":0},"end":{"line":10,"column":57}},"11":{"start":{"line":12,"column":0},"end":{"line":12,"column":58}},"13":{"start":{"line":14,"column":0},"end":{"line":14,"column":58}},"14":{"start":{"line":15,"column":0},"end":{"line":15,"column":61}},"15":{"start":{"line":16,"column":0},"end":{"line":16,"column":27}},"16":{"start":{"line":17,"column":0},"end":{"line":17,"column":6}},"17":{"start":{"line":18,"column":0},"end":{"line":18,"column":1}},"19":{"start":{"line":20,"column":0},"end":{"line":20,"column":26}}},"s":{"0":1,"1":1,"4":1,"6":1,"8":1,"9":1,"11":1,"13":1,"14":1,"15":1,"16":1,"17":1,"19":1},"branchMap":{"0":{"type":"branch","line":7,"loc":{"start":{"line":7,"column":12},"end":{"line":17,"column":6}},"locations":[{"start":{"line":7,"column":12},"end":{"line":17,"column":6}}]},"1":{"type":"branch","line":9,"loc":{"start":{"line":9,"column":23},"end":{"line":17,"column":6}},"locations":[{"start":{"line":9,"column":23},"end":{"line":17,"column":6}}]}},"b":{"0":[1],"1":[1]},"fnMap":{"0":{"name":"<instance_members_initializer>","decl":{"start":{"line":7,"column":12},"end":{"line":17,"column":6}},"loc":{"start":{"line":7,"column":12},"end":{"line":17,"column":6}},"line":7},"1":{"name":"getRoutes","decl":{"start":{"line":9,"column":23},"end":{"line":17,"column":6}},"loc":{"start":{"line":9,"column":23},"end":{"line":17,"column":6}},"line":9}},"f":{"0":1,"1":1}}
,"/app/src/service/mongodb_service.ts": {"path":"/app/src/service/mongodb_service.ts","all":false,"statementMap":{"0":{"start":{"line":1,"column":0},"end":{"line":1,"column":38}},"2":{"start":{"line":3,"column":0},"end":{"line":3,"column":22}},"5":{"start":{"line":6,"column":0},"end":{"line":6,"column":28}},"7":{"start":{"line":8,"column":0},"end":{"line":8,"column":151}},"9":{"start":{"line":10,"column":0},"end":{"line":10,"column":51}},"11":{"start":{"line":12,"column":0},"end":{"line":12,"column":55}},"12":{"start":{"line":13,"column":0},"end":{"line":13,"column":6}},"13":{"start":{"line":14,"column":0},"end":{"line":14,"column":1}},"14":{"start":{"line":15,"column":0},"end":{"line":15,"column":30}}},"s":{"0":1,"2":1,"5":1,"7":0,"9":0,"11":0,"12":0,"13":1,"14":1},"branchMap":{"0":{"type":"branch","line":6,"loc":{"start":{"line":6,"column":11},"end":{"line":13,"column":6}},"locations":[{"start":{"line":6,"column":11},"end":{"line":13,"column":6}}]}},"b":{"0":[0]},"fnMap":{"0":{"name":"<instance_members_initializer>","decl":{"start":{"line":6,"column":11},"end":{"line":13,"column":6}},"loc":{"start":{"line":6,"column":11},"end":{"line":13,"column":6}},"line":6}},"f":{"0":0}}
,"/app/src/service/mysql_service.ts": {"path":"/app/src/service/mysql_service.ts","all":false,"statementMap":{"3":{"start":{"line":4,"column":0},"end":{"line":4,"column":72}},"5":{"start":{"line":6,"column":0},"end":{"line":6,"column":20}},"9":{"start":{"line":10,"column":0},"end":{"line":10,"column":46}},"11":{"start":{"line":12,"column":0},"end":{"line":12,"column":34}},"16":{"start":{"line":17,"column":0},"end":{"line":17,"column":39}},"17":{"start":{"line":18,"column":0},"end":{"line":18,"column":62}},"18":{"start":{"line":19,"column":0},"end":{"line":19,"column":45}},"19":{"start":{"line":20,"column":0},"end":{"line":20,"column":45}},"20":{"start":{"line":21,"column":0},"end":{"line":21,"column":53}},"21":{"start":{"line":22,"column":0},"end":{"line":22,"column":53}},"22":{"start":{"line":23,"column":0},"end":{"line":23,"column":39}},"23":{"start":{"line":24,"column":0},"end":{"line":24,"column":31}},"24":{"start":{"line":25,"column":0},"end":{"line":25,"column":9}},"26":{"start":{"line":27,"column":0},"end":{"line":27,"column":39}},"27":{"start":{"line":28,"column":0},"end":{"line":28,"column":6}},"28":{"start":{"line":29,"column":0},"end":{"line":29,"column":1}},"29":{"start":{"line":30,"column":0},"end":{"line":30,"column":28}}},"s":{"3":1,"5":1,"9":1,"11":1,"16":61,"17":1,"18":1,"19":1,"20":1,"21":1,"22":1,"23":1,"24":1,"26":61,"27":61,"28":1,"29":1},"branchMap":{"0":{"type":"branch","line":10,"loc":{"start":{"line":10,"column":4},"end":{"line":10,"column":46}},"locations":[{"start":{"line":10,"column":4},"end":{"line":10,"column":46}}]},"1":{"type":"branch","line":12,"loc":{"start":{"line":12,"column":11},"end":{"line":28,"column":6}},"locations":[{"start":{"line":12,"column":11},"end":{"line":28,"column":6}}]},"2":{"type":"branch","line":12,"loc":{"start":{"line":12,"column":21},"end":{"line":28,"column":6}},"locations":[{"start":{"line":12,"column":21},"end":{"line":28,"column":6}}]},"3":{"type":"branch","line":17,"loc":{"start":{"line":17,"column":38},"end":{"line":25,"column":9}},"locations":[{"start":{"line":17,"column":38},"end":{"line":25,"column":9}}]}},"b":{"0":[1],"1":[61],"2":[61],"3":[1]},"fnMap":{"0":{"name":"<static_initializer>","decl":{"start":{"line":10,"column":4},"end":{"line":10,"column":46}},"loc":{"start":{"line":10,"column":4},"end":{"line":10,"column":46}},"line":10},"1":{"name":"<instance_members_initializer>","decl":{"start":{"line":12,"column":11},"end":{"line":28,"column":6}},"loc":{"start":{"line":12,"column":11},"end":{"line":28,"column":6}},"line":12},"2":{"name":"connect","decl":{"start":{"line":12,"column":21},"end":{"line":28,"column":6}},"loc":{"start":{"line":12,"column":21},"end":{"line":28,"column":6}},"line":12}},"f":{"0":1,"1":61,"2":61}}
,"/app/src/validator/register_form_validator.ts": {"path":"/app/src/validator/register_form_validator.ts","all":false,"statementMap":{"0":{"start":{"line":1,"column":0},"end":{"line":1,"column":22}},"2":{"start":{"line":3,"column":0},"end":{"line":3,"column":29}},"5":{"start":{"line":6,"column":0},"end":{"line":6,"column":55}},"7":{"start":{"line":8,"column":0},"end":{"line":8,"column":39}},"8":{"start":{"line":9,"column":0},"end":{"line":9,"column":47}},"9":{"start":{"line":10,"column":0},"end":{"line":10,"column":46}},"10":{"start":{"line":11,"column":0},"end":{"line":11,"column":51}},"11":{"start":{"line":12,"column":0},"end":{"line":12,"column":46}},"12":{"start":{"line":13,"column":0},"end":{"line":13,"column":44}},"13":{"start":{"line":14,"column":0},"end":{"line":14,"column":43}},"14":{"start":{"line":15,"column":0},"end":{"line":15,"column":11}},"16":{"start":{"line":17,"column":0},"end":{"line":17,"column":13}},"18":{"start":{"line":19,"column":0},"end":{"line":19,"column":58}},"19":{"start":{"line":20,"column":0},"end":{"line":20,"column":25}},"20":{"start":{"line":21,"column":0},"end":{"line":21,"column":25}},"21":{"start":{"line":22,"column":0},"end":{"line":22,"column":9}},"22":{"start":{"line":23,"column":0},"end":{"line":23,"column":6}},"23":{"start":{"line":24,"column":0},"end":{"line":24,"column":1}},"25":{"start":{"line":26,"column":0},"end":{"line":26,"column":37}}},"s":{"0":1,"2":1,"5":1,"7":1,"8":1,"9":1,"10":1,"11":1,"12":1,"13":1,"14":1,"16":1,"18":1,"19":1,"20":0,"21":0,"22":1,"23":1,"25":1},"branchMap":{"0":{"type":"branch","line":6,"loc":{"start":{"line":6,"column":11},"end":{"line":23,"column":6}},"locations":[{"start":{"line":6,"column":11},"end":{"line":23,"column":6}}]},"1":{"type":"branch","line":6,"loc":{"start":{"line":6,"column":21},"end":{"line":23,"column":6}},"locations":[{"start":{"line":6,"column":21},"end":{"line":23,"column":6}}]},"2":{"type":"branch","line":20,"loc":{"start":{"line":20,"column":8},"end":{"line":22,"column":9}},"locations":[{"start":{"line":20,"column":8},"end":{"line":22,"column":9}}]}},"b":{"0":[1],"1":[1],"2":[0]},"fnMap":{"0":{"name":"<instance_members_initializer>","decl":{"start":{"line":6,"column":11},"end":{"line":23,"column":6}},"loc":{"start":{"line":6,"column":11},"end":{"line":23,"column":6}},"line":6},"1":{"name":"isValid","decl":{"start":{"line":6,"column":21},"end":{"line":23,"column":6}},"loc":{"start":{"line":6,"column":21},"end":{"line":23,"column":6}},"line":6}},"f":{"0":1,"1":1}}
}
